Log file open, 10/03/18 00:54:56
LogWindows: Failed to load 'aqProf.dll' (GetLastError=126)
LogWindows: File 'aqProf.dll' does not exist
LogWindows: Failed to load 'VSPerf140.dll' (GetLastError=126)
LogWindows: File 'VSPerf140.dll' does not exist
LogWindows: Failed to load 'VtuneApi.dll' (GetLastError=126)
LogWindows: File 'VtuneApi.dll' does not exist
LogWindows: Failed to load 'VtuneApi32e.dll' (GetLastError=126)
LogWindows: File 'VtuneApi32e.dll' does not exist
LogInit: Display: Running engine for game: OfficeProject
LogPlatformFile: Not using cached read wrapper
LogTaskGraph: Started task graph with 5 named threads and 23 total threads with 3 sets of task threads.
LogStats: Stats thread started at 0.270519
LogD3D11RHI: Loaded GFSDK_Aftermath_Lib.x64.dll
LogICUInternationalization: Display: ICU TimeZone Detection - Raw Offset: -5:00, Platform Override: ''
LogPluginManager: Mounting plugin Paper2D
LogPluginManager: Mounting plugin AISupport
LogPluginManager: Mounting plugin LightPropagationVolume
LogPluginManager: Mounting plugin CLionSourceCodeAccess
LogPluginManager: Mounting plugin CodeLiteSourceCodeAccess
LogPluginManager: Mounting plugin GitSourceControl
LogPluginManager: Mounting plugin KDevelopSourceCodeAccess
LogPluginManager: Mounting plugin NullSourceCodeAccess
LogPluginManager: Mounting plugin PerforceSourceControl
LogPluginManager: Mounting plugin SubversionSourceControl
LogPluginManager: Mounting plugin UObjectPlugin
LogPluginManager: Mounting plugin VisualStudioCodeSourceCodeAccess
LogPluginManager: Mounting plugin VisualStudioSourceCodeAccess
LogPluginManager: Mounting plugin XCodeSourceCodeAccess
LogPluginManager: Mounting plugin AssetManagerEditor
LogPluginManager: Mounting plugin CryptoKeys
LogPluginManager: Mounting plugin DataValidation
LogPluginManager: Mounting plugin FacialAnimation
LogPluginManager: Mounting plugin GameplayTagsEditor
LogPluginManager: Mounting plugin MacGraphicsSwitching
LogPluginManager: Mounting plugin MeshEditor
LogPluginManager: Mounting plugin MobileLauncherProfileWizard
LogPluginManager: Mounting plugin PluginBrowser
LogPluginManager: Mounting plugin SpeedTreeImporter
LogPluginManager: Mounting plugin DatasmithContent
LogPluginManager: Mounting plugin AlembicImporter
LogPluginManager: Mounting plugin AppleImageUtils
LogPluginManager: Mounting plugin AppleVision
LogPluginManager: Mounting plugin BackChannel
LogPluginManager: Mounting plugin CharacterAI
LogPluginManager: Mounting plugin GeometryCache
LogPluginManager: Mounting plugin HTML5Networking
LogPluginManager: Mounting plugin ProxyLODPlugin
LogPluginManager: Mounting plugin MagicLeap
LogPluginManager: Mounting plugin MagicLeapEmulator
LogPluginManager: Mounting plugin MagicLeapMedia
LogPluginManager: Mounting plugin AndroidMedia
LogPluginManager: Mounting plugin AvfMedia
LogPluginManager: Mounting plugin ImgMedia
LogPluginManager: Mounting plugin LinearTimecode
LogPluginManager: Mounting plugin MediaCompositing
LogPluginManager: Mounting plugin MediaPlayerEditor
LogPluginManager: Mounting plugin WmfMedia
LogPluginManager: Mounting plugin TcpMessaging
LogPluginManager: Mounting plugin UdpMessaging
LogPluginManager: Mounting plugin ActorSequence
LogPluginManager: Mounting plugin LevelSequenceEditor
LogPluginManager: Mounting plugin MatineeToLevelSequence
LogPluginManager: Mounting plugin NetcodeUnitTest
LogPluginManager: Mounting plugin NUTUnrealEngine4
LogPluginManager: Mounting plugin OnlineSubsystemGooglePlay
LogPluginManager: Mounting plugin OnlineSubsystemIOS
LogPluginManager: Mounting plugin OnlineSubsystem
LogPluginManager: Mounting plugin OnlineSubsystemNull
LogPluginManager: Mounting plugin OnlineSubsystemUtils
LogPluginManager: Mounting plugin LauncherChunkInstaller
LogPluginManager: Mounting plugin AndroidDeviceProfileSelector
LogPluginManager: Mounting plugin AndroidMoviePlayer
LogPluginManager: Mounting plugin AndroidPermission
LogPluginManager: Mounting plugin AppleMoviePlayer
LogPluginManager: Mounting plugin ArchVisCharacter
LogPluginManager: Mounting plugin AudioCapture
LogPluginManager: Mounting plugin CableComponent
LogPluginManager: Mounting plugin CustomMeshComponent
LogPluginManager: Mounting plugin EditableMesh
LogPluginManager: Mounting plugin ExampleDeviceProfileSelector
LogPluginManager: Mounting plugin GoogleCloudMessaging
LogPluginManager: Mounting plugin ImmediatePhysics
LogPluginManager: Mounting plugin IOSDeviceProfileSelector
LogPluginManager: Mounting plugin LinuxDeviceProfileSelector
LogPluginManager: Mounting plugin LocationServicesBPLibrary
LogPluginManager: Mounting plugin MobilePatchingUtils
LogPluginManager: Mounting plugin OculusVR
LogPluginManager: Plugin shader directory ../../../Engine/Plugins/Runtime/Oculus/OculusVR/Shaders found
LogPluginManager: Mapping shader source directory ../../../Engine/Plugins/Runtime/Oculus/OculusVR/Shaders to virtual directory /Plugin/OculusVR
LogPluginManager: Mounting plugin PhysXVehicles
LogPluginManager: Mounting plugin ProceduralMeshComponent
LogPluginManager: Mounting plugin RuntimePhysXCooking
LogPluginManager: Mounting plugin SteamVR
LogPluginManager: Mounting plugin WindowsMoviePlayer
LogStreaming: Display: Took  0.107s to configure plugins.
LogInit: Using libcurl 7.55.1-DEV
LogInit:  - built for x86_64-pc-win32
LogInit:  - supports SSL with OpenSSL/1.0.2h
LogInit:  - supports HTTP deflate (compression) using libz 1.2.8
LogInit:  - other features:
LogInit:      CURL_VERSION_SSL
LogInit:      CURL_VERSION_LIBZ
LogInit:      CURL_VERSION_IPV6
LogInit:      CURL_VERSION_ASYNCHDNS
LogInit:      CURL_VERSION_LARGEFILE
LogInit:      CURL_VERSION_IDN
LogInit:  CurlRequestOptions (configurable via config and command line):
LogInit:  - bVerifyPeer = false  - Libcurl will NOT verify peer certificate
LogInit:  - bUseHttpProxy = false  - Libcurl will NOT use HTTP proxy
LogInit:  - bDontReuseConnections = false  - Libcurl will reuse connections
LogInit:  - CertBundlePath = nullptr  - Libcurl will use whatever was configured at build time.
LogInit:  - MaxHostConnections = 16  - Libcurl will limit the number of connections to a host
LogInit:  - LocalHostAddr = Default
LogInit:  - BufferSize = 65536
LogInit: WinSock: version 1.1 (2.2), MaxSocks=32767, MaxUdp=65467
LogInit: Build: ++UE4+Release-4.20-CL-4369336
LogInit: Engine Version: 4.20.3-4369336+++UE4+Release-4.20
LogInit: Compatible Engine Version: 4.20.0-4212847+++UE4+Release-4.20
LogInit: Net CL: 4212847
LogInit: OS: Windows 10 (), CPU: Intel(R) Core(TM) i7-4790K CPU @ 4.00GHz, GPU: NVIDIA GeForce GTX 970
LogInit: Compiled (64-bit): Sep 17 2018 12:26:19
LogInit: Compiled with Visual C++: 19.13.26129.00
LogInit: Build Configuration: Development
LogInit: Branch Name: ++UE4+Release-4.20
LogInit: Command Line:  
LogInit: Base Directory: F:/Epic Games/UE_4.20/Engine/Binaries/Win64/
LogInit: Installed Engine Build: 1
LogDevObjectVersion: Number of dev versions registered: 20
LogDevObjectVersion:   Dev-Blueprints (B0D832E4-1F89-4F0D-ACCF-7EB736FD4AA2): 10
LogDevObjectVersion:   Dev-Build (E1C64328-A22C-4D53-A36C-8E866417BD8C): 0
LogDevObjectVersion:   Dev-Core (375EC13C-06E4-48FB-B500-84F0262A717E): 2
LogDevObjectVersion:   Dev-Editor (E4B068ED-F494-42E9-A231-DA0B2E46BB41): 24
LogDevObjectVersion:   Dev-Framework (CFFC743F-43B0-4480-9391-14DF171D2073): 34
LogDevObjectVersion:   Dev-Mobile (B02B49B5-BB20-44E9-A304-32B752E40360): 2
LogDevObjectVersion:   Dev-Networking (A4E4105C-59A1-49B5-A7C5-40C4547EDFEE): 0
LogDevObjectVersion:   Dev-Online (39C831C9-5AE6-47DC-9A44-9C173E1C8E7C): 0
LogDevObjectVersion:   Dev-Physics (78F01B33-EBEA-4F98-B9B4-84EACCB95AA2): 0
LogDevObjectVersion:   Dev-Platform (6631380F-2D4D-43E0-8009-CF276956A95A): 0
LogDevObjectVersion:   Dev-Rendering (12F88B9F-8875-4AFC-A67C-D90C383ABD29): 26
LogDevObjectVersion:   Dev-Sequencer (7B5AE74C-D270-4C10-A958-57980B212A5A): 9
LogDevObjectVersion:   Dev-VR (D7296918-1DD6-4BDD-9DE2-64A83CC13884): 2
LogDevObjectVersion:   Dev-LoadTimes (C2A15278-BFE7-4AFE-6C17-90FF531DF755): 1
LogDevObjectVersion:   Private-Geometry (6EACA3D4-40EC-4CC1-B786-8BED09428FC5): 3
LogDevObjectVersion:   Dev-AnimPhys (29E575DD-E0A3-4627-9D10-D276232CDCEA): 17
LogDevObjectVersion:   Dev-ReflectionCapture (6B266CEC-1EC7-4B8F-A30B-E4D90942FC07): 1
LogDevObjectVersion:   Dev-Automation (0DF73D61-A23F-47EA-B727-89E90C41499A): 1
LogDevObjectVersion:   FortniteMain (601D1886-AC64-4F84-AA16-D3DE0DEAC7D6): 12
LogDevObjectVersion:   Dev-Enterprise (9DFFBCD6-494F-0158-E221-12823C92A888): 1
LogStreaming: Display: Took  0.000s to delete old logs.
LogInit: Presizing for max 8388607 objects, including 0 objects not considered by GC, pre-allocating 0 bytes for permanent pool.
LogInit: Object subsystem initialized
[2018.10.03-04.54.56:688][  0]LogInit: Selected Device Profile: [Windows]
[2018.10.03-04.54.56:688][  0]LogInit: Applying CVar settings loaded from the selected device profile: [Windows]
[2018.10.03-04.54.56:703][  0]LogHAL: Display: Platform has ~ 32 GB [34305867776 / 34359738368 / 32], which maps to Largest [LargestMinGB=32, LargerMinGB=12, DefaultMinGB=8, SmallerMinGB=6, SmallestMinGB=0)
[2018.10.03-04.54.56:703][  0]LogInit: Setting Device Profile CVar: [[r.Vulkan.UseRealUBs:1]]
[2018.10.03-04.54.56:703][  0]LogInit: Going up to parent DeviceProfile []
[2018.10.03-04.54.56:704][  0]LogInit: Computer: DESKTOP-QQJR9T6
[2018.10.03-04.54.56:704][  0]LogInit: User: Djano
[2018.10.03-04.54.56:704][  0]LogInit: CPU Page size=4096, Cores=4
[2018.10.03-04.54.56:704][  0]LogInit: High frequency timer resolution =3.906269 MHz
[2018.10.03-04.54.56:704][  0]LogMemory: Memory total: Physical=31.9GB (32GB approx)
[2018.10.03-04.54.56:704][  0]LogMemory: Platform Memory Stats for Windows
[2018.10.03-04.54.56:704][  0]LogMemory: Process Physical Memory: 100.10 MB used, 100.10 MB peak
[2018.10.03-04.54.56:704][  0]LogMemory: Process Virtual Memory: 90.77 MB used, 90.77 MB peak
[2018.10.03-04.54.56:704][  0]LogMemory: Physical Memory: 11906.59 MB used,  20810.03 MB free, 32716.63 MB total
[2018.10.03-04.54.56:704][  0]LogMemory: Virtual Memory: 4644.90 MB used,  20810.03 MB free, 134217728.00 MB total
[2018.10.03-04.54.56:724][  0]LogInit: Using OS detected language (en-US).
[2018.10.03-04.54.56:724][  0]LogInit: Using OS detected locale (en-US).
[2018.10.03-04.54.56:725][  0]LogTextLocalizationManager: No specific localization for 'en-US' exists, so the 'en' localization will be used.
[2018.10.03-04.54.57:083][  0]LogStreaming: Display: Took  0.359s to InitEngineTextLocalization.
[2018.10.03-04.54.57:083][  0]LogInit: Setting process to per monitor DPI aware
[2018.10.03-04.54.57:122][  0]LogSlate: New Slate User Created.  User Index 0, Is Virtual User: 0
[2018.10.03-04.54.57:122][  0]LogSlate: Slate User Registered.  User Index 0, Is Virtual User: 0
[2018.10.03-04.54.57:434][  0]LogHMD: Failed to initialize OpenVR with code 110
[2018.10.03-04.54.57:434][  0]LogD3D11RHI: D3D11 adapters:
[2018.10.03-04.54.57:480][  0]LogD3D11RHI:    0. 'NVIDIA GeForce GTX 970' (Feature Level 11_0)
[2018.10.03-04.54.57:480][  0]LogD3D11RHI:       4043/0/16358 MB DedicatedVideo/DedicatedSystem/SharedSystem, Outputs:3, VendorId:0x10de
[2018.10.03-04.54.57:481][  0]LogD3D11RHI:    1. 'Microsoft Basic Render Driver' (Feature Level 11_0)
[2018.10.03-04.54.57:481][  0]LogD3D11RHI:       0/0/16358 MB DedicatedVideo/DedicatedSystem/SharedSystem, Outputs:0, VendorId:0x1414
[2018.10.03-04.54.57:481][  0]LogD3D11RHI: Chosen D3D11 Adapter: 0
[2018.10.03-04.54.57:489][  0]LogD3D11RHI: Creating new Direct3DDevice
[2018.10.03-04.54.57:489][  0]LogD3D11RHI:     GPU DeviceId: 0x13c2 (for the marketing name, search the web for "GPU Device Id")
[2018.10.03-04.54.57:489][  0]LogWindows: EnumDisplayDevices:
[2018.10.03-04.54.57:490][  0]LogWindows:    0. 'NVIDIA GeForce GTX 970' (P:1 D:1)
[2018.10.03-04.54.57:490][  0]LogWindows:    1. 'NVIDIA GeForce GTX 970' (P:0 D:1)
[2018.10.03-04.54.57:490][  0]LogWindows:    2. 'NVIDIA GeForce GTX 970' (P:0 D:1)
[2018.10.03-04.54.57:490][  0]LogWindows:    3. 'NVIDIA GeForce GTX 970' (P:0 D:0)
[2018.10.03-04.54.57:490][  0]LogWindows: DebugString: FoundDriverCount:4 
[2018.10.03-04.54.57:490][  0]LogD3D11RHI:     Adapter Name: NVIDIA GeForce GTX 970
[2018.10.03-04.54.57:490][  0]LogD3D11RHI:   Driver Version: 398.36 (internal:24.21.13.9836, unified:398.36)
[2018.10.03-04.54.57:490][  0]LogD3D11RHI:      Driver Date: 6-24-2018
[2018.10.03-04.54.57:490][  0]LogRHI: Texture pool is 2830 MB (70% of 4043 MB)
[2018.10.03-04.54.57:523][  0]LogD3D11RHI: Async texture creation enabled
[2018.10.03-04.54.57:540][  0]LogD3D11RHI: GPU Timing Frequency: 1000.000000 (Debug: 2 2)
[2018.10.03-04.54.57:592][  0]LogShaderCompilers: Guid format shader working directory is -1 characters bigger than the processId version (../../../../../GitHub/OfficeGame/OfficeProject/Intermediate/Shaders/WorkingDirectory/19192/).
[2018.10.03-04.54.57:592][  0]LogShaderCompilers: Cleaned the shader compiler working directory 'C:/Users/Djano/AppData/Local/Temp/UnrealShaderWorkingDir/2BD59BDD4A67AC82F73B5D87E4E28CEC/'.
[2018.10.03-04.54.57:814][  0]LogTemp: Display: Loaded TP AllDesktopTargetPlatform
[2018.10.03-04.54.57:825][  0]LogTemp: Display: Loaded TP MacClientTargetPlatform
[2018.10.03-04.54.57:836][  0]LogTemp: Display: Loaded TP MacNoEditorTargetPlatform
[2018.10.03-04.54.57:847][  0]LogTemp: Display: Loaded TP MacServerTargetPlatform
[2018.10.03-04.54.57:858][  0]LogTemp: Display: Loaded TP MacTargetPlatform
[2018.10.03-04.54.57:869][  0]LogTemp: Display: Loaded TP WindowsClientTargetPlatform
[2018.10.03-04.54.57:880][  0]LogTemp: Display: Loaded TP WindowsNoEditorTargetPlatform
[2018.10.03-04.54.57:891][  0]LogTemp: Display: Loaded TP WindowsServerTargetPlatform
[2018.10.03-04.54.57:895][  0]LogTemp: Display: Loaded TP WindowsTargetPlatform
[2018.10.03-04.54.57:961][  0]LogTemp: Display: Loaded TP AndroidTargetPlatform
[2018.10.03-04.54.57:961][  0]LogTemp: Display: Loaded TP AndroidTargetPlatform
[2018.10.03-04.54.57:961][  0]LogTemp: Display: Loaded TP AndroidTargetPlatform
[2018.10.03-04.54.57:961][  0]LogTemp: Display: Loaded TP AndroidTargetPlatform
[2018.10.03-04.54.57:961][  0]LogTemp: Display: Loaded TP AndroidTargetPlatform
[2018.10.03-04.54.57:961][  0]LogTemp: Display: Loaded TP AndroidTargetPlatform
[2018.10.03-04.54.57:961][  0]LogTemp: Display: Loaded TP AndroidTargetPlatform
[2018.10.03-04.54.57:961][  0]LogTemp: Display: Loaded TP AndroidTargetPlatform
[2018.10.03-04.54.57:961][  0]LogTemp: Display: Loaded TP AndroidTargetPlatform
[2018.10.03-04.54.57:962][  0]LogTemp: Display: Loaded TP AndroidTargetPlatform
[2018.10.03-04.54.57:962][  0]LogTemp: Display: Loaded TP AndroidTargetPlatform
[2018.10.03-04.54.57:962][  0]LogTemp: Display: Loaded TP AndroidTargetPlatform
[2018.10.03-04.54.57:962][  0]LogTemp: Display: Loaded TP AndroidTargetPlatform
[2018.10.03-04.54.57:962][  0]LogTemp: Display: Loaded TP AndroidTargetPlatform
[2018.10.03-04.54.57:962][  0]LogTemp: Display: Loaded TP AndroidTargetPlatform
[2018.10.03-04.54.57:962][  0]LogTemp: Display: Loaded TP AndroidTargetPlatform
[2018.10.03-04.54.57:962][  0]LogTemp: Display: Loaded TP AndroidTargetPlatform
[2018.10.03-04.54.57:962][  0]LogTemp: Display: Loaded TP AndroidTargetPlatform
[2018.10.03-04.54.57:963][  0]LogTemp: Display: Loaded TP HTML5TargetPlatform
[2018.10.03-04.54.58:021][  0]LogTemp: Display: Loaded TP IOSTargetPlatform
[2018.10.03-04.54.58:021][  0]LogTemp: Display: Loaded TP IOSTargetPlatform
[2018.10.03-04.54.58:042][  0]LogTemp: Display: Loaded TP TVOSTargetPlatform
[2018.10.03-04.54.58:042][  0]LogTemp: Display: Loaded TP TVOSTargetPlatform
[2018.10.03-04.54.58:054][  0]LogTemp: Display: Loaded TP LinuxClientTargetPlatform
[2018.10.03-04.54.58:065][  0]LogTemp: Display: Loaded TP LinuxNoEditorTargetPlatform
[2018.10.03-04.54.58:076][  0]LogTemp: Display: Loaded TP LinuxServerTargetPlatform
[2018.10.03-04.54.58:087][  0]LogTemp: Display: Loaded TP LinuxTargetPlatform
[2018.10.03-04.54.58:095][  0]LogTemp: Display: Loaded TP LuminTargetPlatform
[2018.10.03-04.54.58:095][  0]LogTargetPlatformManager: Display: Building Assets For Windows
[2018.10.03-04.54.58:134][  0]LogXGEController: Cleaning working directory: C:/Users/Djano/AppData/Local/Temp/UnrealXGEWorkingDir/
[2018.10.03-04.54.58:134][  0]LogXGEController: Cannot use XGE Controller as Incredibuild is not installed on this machine.
[2018.10.03-04.54.58:134][  0]LogShaderCompilers: Cannot use XGE Shader Compiler as Incredibuild is not installed on this machine.
[2018.10.03-04.54.58:134][  0]LogShaderCompilers: Display: Using Local Shader Compiler.
[2018.10.03-04.54.58:751][  0]LogDerivedDataCache: Display: Max Cache Size: 512 MB
[2018.10.03-04.54.58:803][  0]LogDerivedDataCache: Loaded boot cache 0.05s 71MB C:/Users/Djano/AppData/Local/UnrealEngine/4.20/DerivedDataCache/Boot.ddc.
[2018.10.03-04.54.58:803][  0]LogDerivedDataCache: Display: Loaded Boot cache: C:/Users/Djano/AppData/Local/UnrealEngine/4.20/DerivedDataCache/Boot.ddc
[2018.10.03-04.54.58:803][  0]LogDerivedDataCache: FDerivedDataBackendGraph:  Pak pak cache file ../../../../../GitHub/OfficeGame/OfficeProject/DerivedDataCache/DDC.ddp not found, will not use a pak cache.
[2018.10.03-04.54.58:803][  0]LogDerivedDataCache: Unable to find inner node Pak for hierarchical cache Hierarchy.
[2018.10.03-04.54.58:803][  0]LogDerivedDataCache: FDerivedDataBackendGraph:  CompressedPak pak cache file ../../../../../GitHub/OfficeGame/OfficeProject/DerivedDataCache/Compressed.ddp not found, will not use a pak cache.
[2018.10.03-04.54.58:803][  0]LogDerivedDataCache: Unable to find inner node CompressedPak for hierarchical cache Hierarchy.
[2018.10.03-04.54.58:816][  0]LogDerivedDataCache: Display: Pak cache opened for reading ../../../Engine/DerivedDataCache/Compressed.ddp.
[2018.10.03-04.54.58:829][  0]LogDerivedDataCache: Using Local data cache path C:/Users/Djano/AppData/Local/UnrealEngine/Common/DerivedDataCache: Writable
[2018.10.03-04.54.58:829][  0]LogDerivedDataCache: Shared data cache path not found in *engine.ini, will not use an Shared cache.
[2018.10.03-04.54.58:829][  0]LogDerivedDataCache: Unable to find inner node Shared for hierarchical cache Hierarchy.
[2018.10.03-04.54.58:845][  0]LogMaterial: Verifying Global Shaders for PCD3D_SM5
[2018.10.03-04.54.58:846][  0]LogSlate: Using FreeType 2.6.0
[2018.10.03-04.54.58:847][  0]LogSlate: SlateFontServices - WITH_FREETYPE: 1, WITH_HARFBUZZ: 1
[2018.10.03-04.54.58:927][  0]LogAssetRegistry: FAssetRegistry took 0.0258 seconds to start up
[2018.10.03-04.54.59:208][  0]LogInit: Selected Device Profile: [Windows]
[2018.10.03-04.54.59:318][  0]LogSimplygon: Simplygon DLL not present - disabling.
[2018.10.03-04.54.59:321][  0]LogMeshReduction: Using SimplygonSwarm for distributed automatic mesh merging
[2018.10.03-04.54.59:321][  0]LogMeshReduction: Using ProxyLODMeshReduction for automatic mesh merging
[2018.10.03-04.54.59:321][  0]LogMeshReduction: Using QuadricMeshReduction for automatic static mesh reduction
[2018.10.03-04.54.59:321][  0]LogMeshReduction: No automatic skeletal mesh reduction module available
[2018.10.03-04.54.59:355][  0]LogNetVersion: OfficeProject 1.0.0, NetCL: 4212847, EngineNetVer: 5, GameNetVer: 0 (Checksum: 4114413560)
[2018.10.03-04.54.59:827][  0]LogPackageLocalizationCache: Processed 11 localized package path(s) for 2 prioritized culture(s) in 0.107548 seconds
[2018.10.03-04.54.59:835][  0]LogUObjectArray: 38425 objects as part of root set at end of initial load.
[2018.10.03-04.54.59:835][  0]LogUObjectAllocator: 6690872 out of 0 bytes used by permanent object pool.
[2018.10.03-04.54.59:835][  0]LogUObjectArray: CloseDisregardForGC: 0/0 objects in disregard for GC pool
[2018.10.03-04.55.00:814][  0]LogTcpMessaging: Initializing TcpMessaging bridge
[2018.10.03-04.55.00:827][  0]LogUdpMessaging: Initializing bridge on interface 0.0.0.0:0 to multicast group 230.0.0.1:6666.
[2018.10.03-04.55.00:963][  0]SourceControl: Source control is disabled
[2018.10.03-04.55.00:964][  0]SourceControl: Source control is disabled
[2018.10.03-04.55.00:965][  0]SourceControl: Source control is disabled
[2018.10.03-04.55.00:965][  0]SourceControl: Source control is disabled
[2018.10.03-04.55.01:130][  0]LogAndroidPermission: UAndroidPermissionCallbackProxy::GetInstance
[2018.10.03-04.55.01:219][  0]LogOcInput: OculusInput pre-init called
[2018.10.03-04.55.01:282][  0]LogEngine: Initializing Engine...
[2018.10.03-04.55.01:283][  0]LogHMD: Failed to initialize OpenVR with code 110
[2018.10.03-04.55.01:284][  0]LogStats: UGameplayTagsManager::ConstructGameplayTagTree: ImportINI prefixes -  0.000 s
[2018.10.03-04.55.01:284][  0]LogStats: UGameplayTagsManager::ConstructGameplayTagTree: Construct from data asset -  0.000 s
[2018.10.03-04.55.01:285][  0]LogStats: UGameplayTagsManager::ConstructGameplayTagTree: ImportINI -  0.000 s
[2018.10.03-04.55.01:285][  0]LogStats: UGameplayTagsManager::ConstructGameplayTagTree: GameplayTagTreeChangedEvent.Broadcast -  0.000 s
[2018.10.03-04.55.01:474][  0]LogInit: Initializing FReadOnlyCVARCache
[2018.10.03-04.55.01:483][  0]LogAIModule: Creating AISystem for world Untitled
[2018.10.03-04.55.01:499][  0]LogInit: XAudio2 using 'Speakers (Realtek High Definition Audio)' : 2 channels at 48 kHz using 32 bits per sample (channel mask 0x3)
[2018.10.03-04.55.01:519][  0]LogInit: FAudioDevice initialized.
[2018.10.03-04.55.01:519][  0]LogNetVersion: Set ProjectVersion to 1.0.0.0. Version Checksum will be recalculated on next use.
[2018.10.03-04.55.01:590][  0]LogDerivedDataCache: Saved boot cache 0.07s 71MB C:/Users/Djano/AppData/Local/UnrealEngine/4.20/DerivedDataCache/Boot.ddc.
[2018.10.03-04.55.01:608][  0]LogInit: Texture streaming: Enabled
[2018.10.03-04.55.01:619][  0]LogEngineSessionManager: EngineSessionManager initialized
[2018.10.03-04.55.01:629][  0]LogInit: Transaction tracking system initialized
[2018.10.03-04.55.01:642][  0]BlueprintLog: New page: Editor Load
[2018.10.03-04.55.01:695][  0]LocalizationService: Localization service is disabled
[2018.10.03-04.55.01:914][  0]LogCook: Display: Max memory allowance for cook 16384mb min free memory 0mb
[2018.10.03-04.55.01:914][  0]LogCook: Display: Mobile HDR setting 1
[2018.10.03-04.55.01:914][  0]LogGameplayTags: Display: UGameplayTagsManager::DoneAddingNativeTags. DelegateIsBound: 0
[2018.10.03-04.55.01:914][  0]LogStats: UGameplayTagsManager::ConstructGameplayTagTree: ImportINI prefixes -  0.000 s
[2018.10.03-04.55.01:914][  0]LogStats: UGameplayTagsManager::ConstructGameplayTagTree: Construct from data asset -  0.000 s
[2018.10.03-04.55.01:914][  0]LogStats: UGameplayTagsManager::ConstructGameplayTagTree: ImportINI -  0.000 s
[2018.10.03-04.55.01:914][  0]LogStats: UGameplayTagsManager::ConstructGameplayTagTree: GameplayTagTreeChangedEvent.Broadcast -  0.000 s
[2018.10.03-04.55.02:010][  0]LogFileCache: Scanning file cache for directory 'F:/GitHub/OfficeGame/OfficeProject/Content/' took 0.01s
[2018.10.03-04.55.02:010][  0]SourceControl: Source control is disabled
[2018.10.03-04.55.02:010][  0]Cmd: MAP LOAD FILE="../../../Engine/Content/Maps/Templates/Template_Default.umap" TEMPLATE=1 SHOWPROGRESS=1 FEATURELEVEL=3
[2018.10.03-04.55.02:011][  0]LightingResults: New page: Lighting Build
[2018.10.03-04.55.02:012][  0]MapCheck: New page: Map Check
[2018.10.03-04.55.02:012][  0]LightingResults: New page: Lighting Build
[2018.10.03-04.55.02:184][  0]LogAIModule: Creating AISystem for world Untitled_1
[2018.10.03-04.55.02:189][  0]LogEditorServer: Finished looking for orphan Actors (0.000 secs)
[2018.10.03-04.55.02:208][  0]Cmd: MAP CHECKDEP NOCLEARLOG
[2018.10.03-04.55.02:259][  0]MapCheck: Map check complete: 0 Error(s), 0 Warning(s), took 50.782ms to complete.
[2018.10.03-04.55.02:259][  0]LogFileHelpers: Loading map 'Template_Default' took 0.249
[2018.10.03-04.55.02:424][  0]LogSlate: Updating window title bar state: overlay mode, drag disabled, window buttons hidden, title bar hidden
[2018.10.03-04.55.02:432][  0]LogSlate: Updating window title bar state: overlay mode, drag disabled, window buttons hidden, title bar hidden
[2018.10.03-04.55.02:440][  0]LogSlate: Updating window title bar state: overlay mode, drag disabled, window buttons hidden, title bar hidden
[2018.10.03-04.55.02:448][  0]LogSlate: Updating window title bar state: overlay mode, drag disabled, window buttons hidden, title bar hidden
[2018.10.03-04.55.02:453][  0]LogCollectionManager: Loaded 0 collections in 0.001065 seconds
[2018.10.03-04.55.02:533][  0]LogFileCache: Scanning file cache for directory 'F:/GitHub/OfficeGame/OfficeProject/Saved/Collections/' took 0.01s
[2018.10.03-04.55.02:533][  0]LogFileCache: Scanning file cache for directory 'F:/GitHub/OfficeGame/OfficeProject/Content/Developers/Djano/Collections/' took 0.01s
[2018.10.03-04.55.02:533][  0]LogFileCache: Scanning file cache for directory 'F:/GitHub/OfficeGame/OfficeProject/Content/Collections/' took 0.01s
[2018.10.03-04.55.02:533][  0]LogCollectionManager: Rebuilt the GUID cache for 0 collections in 0.000000 seconds
[2018.10.03-04.55.02:544][  0]LogContentBrowser: Native class hierarchy populated in 0.0110 seconds. Added 2572 classes and 603 folders.
[2018.10.03-04.55.02:550][  0]LogContentBrowser: Native class hierarchy updated for 'WidgetCarousel' in 0.0003 seconds. Added 0 classes and 0 folders.
[2018.10.03-04.55.02:605][  0]LogContentBrowser: Native class hierarchy updated for 'AddContentDialog' in 0.0003 seconds. Added 0 classes and 0 folders.
[2018.10.03-04.55.02:610][  0]LogContentBrowser: Native class hierarchy updated for 'SceneOutliner' in 0.0006 seconds. Added 1 classes and 2 folders.
[2018.10.03-04.55.02:668][  0]LogSlate: Took 0.000399 seconds to synchronously load lazily loaded font '../../../Engine/Content/Slate/Fonts/Roboto-Regular.ttf' (155K)
[2018.10.03-04.55.02:670][  0]LogSlate: Took 0.000293 seconds to synchronously load lazily loaded font '../../../Engine/Content/Slate/Fonts/Roboto-Bold.ttf' (160K)
[2018.10.03-04.55.02:676][  0]LogSlate: Took 0.000393 seconds to synchronously load lazily loaded font '../../../Engine/Content/Editor/Slate/Fonts/FontAwesome.ttf' (139K)
[2018.10.03-04.55.02:746][  0]LogRenderer: Reallocating scene render targets to support 1208x628 Format 10 NumSamples 1 (Frame:1).
[2018.10.03-04.55.02:862][  0]LogContentBrowser: Native class hierarchy updated for 'HierarchicalLODOutliner' in 0.0003 seconds. Added 0 classes and 0 folders.
[2018.10.03-04.55.02:863][  0]LogLoad: (Engine Initialization) Total time: 7.92 seconds
[2018.10.03-04.55.02:863][  0]LogLoad: (Engine Initialization) Total Blueprint compile time: 0.00 seconds
[2018.10.03-04.55.02:897][  0]LogAssetRegistry: Asset discovery search completed in 3.9923 seconds
[2018.10.03-04.55.02:898][  0]LogCollectionManager: Rebuilt the object cache for 0 collections in 0.000000 seconds (found 0 objects)
[2018.10.03-04.55.02:898][  0]LogCollectionManager: Fixed up redirectors for 0 collections in 0.000048 seconds (updated 0 objects)
[2018.10.03-04.55.02:900][  0]LogContentStreaming: Texture pool size now 1000 MB
[2018.10.03-04.55.02:931][  0]LogSlate: Took 0.000325 seconds to synchronously load lazily loaded font '../../../Engine/Content/Slate/Fonts/Roboto-Light.ttf' (167K)
[2018.10.03-04.55.36:985][397]LogSlate: FSceneViewport::OnFocusLost() reason 0
[2018.10.03-04.55.56:757][315]LogSlate: Window 'Delete Assets' being destroyed
[2018.10.03-04.56.23:377][781]LogSlate: Window 'Delete Assets' being destroyed
[2018.10.03-04.56.45:164][ 13]LogSlate: Took 0.000268 seconds to synchronously load lazily loaded font '../../../Engine/Content/Slate/Fonts/Roboto-Light.ttf' (167K)
[2018.10.03-04.56.45:242][ 13]Cmd: OBJ SAVEPACKAGE PACKAGE="/Game/objects/materials/screen_Mat" FILE="../../../../../GitHub/OfficeGame/OfficeProject/Content/objects/materials/screen_Mat.uasset" SILENT=true
[2018.10.03-04.56.45:279][ 13]LogSavePackage: Moving '../../../../../GitHub/OfficeGame/OfficeProject/Saved/screen_Mat934D55A74FEEDF8BD7EC70BBD6FFCB3B.tmp' to '../../../../../GitHub/OfficeGame/OfficeProject/Content/objects/materials/screen_Mat.uasset'
[2018.10.03-04.56.45:284][ 13]Cmd: OBJ SAVEPACKAGE PACKAGE="/Game/environment/cubicle/NewMaterial" FILE="../../../../../GitHub/OfficeGame/OfficeProject/Content/environment/cubicle/NewMaterial.uasset" SILENT=true
[2018.10.03-04.56.45:296][ 13]LogSavePackage: Moving '../../../../../GitHub/OfficeGame/OfficeProject/Saved/NewMaterial25DA6D2F42D2FD7A0F5C42A8A436EAF8.tmp' to '../../../../../GitHub/OfficeGame/OfficeProject/Content/environment/cubicle/NewMaterial.uasset'
[2018.10.03-04.58.00:683][623]LogMetaData: Removing '/Game/blueprints/MouseTest_Gamemode.MouseTest_Gamemode_C' ref from Metadata '/Game/MouseTest_Gamemode.PackageMetaData'
[2018.10.03-04.58.00:683][623]LogMetaData: Removing '/Game/blueprints/MouseTest_Gamemode.MouseTest_Gamemode:UserConstructionScript.K2Node_FunctionEntry_0' ref from Metadata '/Game/MouseTest_Gamemode.PackageMetaData'
[2018.10.03-04.58.00:683][623]LogMetaData: Removing '/Game/blueprints/MouseTest_Gamemode.MouseTest_Gamemode:EventGraph.K2Node_Event_0' ref from Metadata '/Game/MouseTest_Gamemode.PackageMetaData'
[2018.10.03-04.58.00:683][623]LogMetaData: Removing '/Game/blueprints/MouseTest_Gamemode.MouseTest_Gamemode:EventGraph.K2Node_Event_1' ref from Metadata '/Game/MouseTest_Gamemode.PackageMetaData'
[2018.10.03-04.58.00:683][623]LogMetaData: Removing '/Game/blueprints/MouseTest_Gamemode.SKEL_MouseTest_Gamemode_C:ReceiveBeginPlay' ref from Metadata '/Game/MouseTest_Gamemode.PackageMetaData'
[2018.10.03-04.58.00:683][623]LogMetaData: Removing '/Game/blueprints/MouseTest_Gamemode.SKEL_MouseTest_Gamemode_C:ReceiveTick' ref from Metadata '/Game/MouseTest_Gamemode.PackageMetaData'
[2018.10.03-04.58.00:683][623]LogMetaData: Removing '/Game/blueprints/MouseTest_Gamemode.SKEL_MouseTest_Gamemode_C:DefaultSceneRoot' ref from Metadata '/Game/MouseTest_Gamemode.PackageMetaData'
[2018.10.03-04.58.00:683][623]LogMetaData: Removing '/Game/blueprints/MouseTest_Gamemode.SKEL_MouseTest_Gamemode_C:UserConstructionScript' ref from Metadata '/Game/MouseTest_Gamemode.PackageMetaData'
[2018.10.03-04.58.00:683][623]LogMetaData: Removing '/Game/blueprints/MouseTest_Gamemode.SKEL_MouseTest_Gamemode_C' ref from Metadata '/Game/MouseTest_Gamemode.PackageMetaData'
[2018.10.03-04.58.00:683][623]LogMetaData: Removing '/Game/blueprints/MouseTest_Gamemode.MouseTest_Gamemode_C:DefaultSceneRoot' ref from Metadata '/Game/MouseTest_Gamemode.PackageMetaData'
[2018.10.03-04.58.00:690][623]LogMetaData: Removing '/Game/blueprints/CharacterBP.CharacterBP:UserConstructionScript.K2Node_FunctionEntry_0' ref from Metadata '/Game/CharacterBP.PackageMetaData'
[2018.10.03-04.58.00:690][623]LogMetaData: Removing '/Game/blueprints/CharacterBP.CharacterBP_C' ref from Metadata '/Game/CharacterBP.PackageMetaData'
[2018.10.03-04.58.00:690][623]LogMetaData: Removing '/Game/blueprints/CharacterBP.CharacterBP:EventGraph.K2Node_Event_0' ref from Metadata '/Game/CharacterBP.PackageMetaData'
[2018.10.03-04.58.00:690][623]LogMetaData: Removing '/Game/blueprints/CharacterBP.CharacterBP:EventGraph.K2Node_Event_1' ref from Metadata '/Game/CharacterBP.PackageMetaData'
[2018.10.03-04.58.00:690][623]LogMetaData: Removing '/Game/blueprints/CharacterBP.CharacterBP:EventGraph.K2Node_Event_2' ref from Metadata '/Game/CharacterBP.PackageMetaData'
[2018.10.03-04.58.00:690][623]LogMetaData: Removing '/Game/blueprints/CharacterBP.CharacterBP:NewEventDispatcher_0.K2Node_FunctionEntry_0' ref from Metadata '/Game/CharacterBP.PackageMetaData'
[2018.10.03-04.58.00:690][623]LogMetaData: Removing '/Game/blueprints/CharacterBP.CharacterBP:ChangeCamera.K2Node_FunctionEntry_0' ref from Metadata '/Game/CharacterBP.PackageMetaData'
[2018.10.03-04.58.00:690][623]LogMetaData: Removing '/Game/blueprints/CharacterBP.SKEL_CharacterBP_C:ReceiveBeginPlay' ref from Metadata '/Game/CharacterBP.PackageMetaData'
[2018.10.03-04.58.00:690][623]LogMetaData: Removing '/Game/blueprints/CharacterBP.SKEL_CharacterBP_C:ReceiveActorBeginOverlap' ref from Metadata '/Game/CharacterBP.PackageMetaData'
[2018.10.03-04.58.00:690][623]LogMetaData: Removing '/Game/blueprints/CharacterBP.SKEL_CharacterBP_C:ReceiveTick' ref from Metadata '/Game/CharacterBP.PackageMetaData'
[2018.10.03-04.58.00:690][623]LogMetaData: Removing '/Game/blueprints/CharacterBP.SKEL_CharacterBP_C:InpAxisEvt_MoveForward_K2Node_InputAxisEvent_0' ref from Metadata '/Game/CharacterBP.PackageMetaData'
[2018.10.03-04.58.00:690][623]LogMetaData: Removing '/Game/blueprints/CharacterBP.SKEL_CharacterBP_C:InpAxisEvt_MoveRight_K2Node_InputAxisEvent_1' ref from Metadata '/Game/CharacterBP.PackageMetaData'
[2018.10.03-04.58.00:690][623]LogMetaData: Removing '/Game/blueprints/CharacterBP.SKEL_CharacterBP_C:InpAxisEvt_Turn_K2Node_InputAxisEvent_2' ref from Metadata '/Game/CharacterBP.PackageMetaData'
[2018.10.03-04.58.00:690][623]LogMetaData: Removing '/Game/blueprints/CharacterBP.SKEL_CharacterBP_C:InpAxisEvt_LookUp_K2Node_InputAxisEvent_3' ref from Metadata '/Game/CharacterBP.PackageMetaData'
[2018.10.03-04.58.00:690][623]LogMetaData: Removing '/Game/blueprints/CharacterBP.SKEL_CharacterBP_C:CameraPlayer' ref from Metadata '/Game/CharacterBP.PackageMetaData'
[2018.10.03-04.58.00:690][623]LogMetaData: Removing '/Game/blueprints/CharacterBP.SKEL_CharacterBP_C:CameraScreen' ref from Metadata '/Game/CharacterBP.PackageMetaData'
[2018.10.03-04.58.00:690][623]LogMetaData: Removing '/Game/blueprints/CharacterBP.SKEL_CharacterBP_C:NewEventDispatcher_0' ref from Metadata '/Game/CharacterBP.PackageMetaData'
[2018.10.03-04.58.00:690][623]LogMetaData: Removing '/Game/blueprints/CharacterBP.SKEL_CharacterBP_C:NearChair' ref from Metadata '/Game/CharacterBP.PackageMetaData'
[2018.10.03-04.58.00:690][623]LogMetaData: Removing '/Game/blueprints/CharacterBP.SKEL_CharacterBP_C:InChair' ref from Metadata '/Game/CharacterBP.PackageMetaData'
[2018.10.03-04.58.00:690][623]LogMetaData: Removing '/Game/blueprints/CharacterBP.SKEL_CharacterBP_C:AltPressed' ref from Metadata '/Game/CharacterBP.PackageMetaData'
[2018.10.03-04.58.00:690][623]LogMetaData: Removing '/Game/blueprints/CharacterBP.SKEL_CharacterBP_C:CharacterCamera' ref from Metadata '/Game/CharacterBP.PackageMetaData'
[2018.10.03-04.58.00:690][623]LogMetaData: Removing '/Game/blueprints/CharacterBP.SKEL_CharacterBP_C:UserConstructionScript' ref from Metadata '/Game/CharacterBP.PackageMetaData'
[2018.10.03-04.58.00:690][623]LogMetaData: Removing '/Game/blueprints/CharacterBP.SKEL_CharacterBP_C' ref from Metadata '/Game/CharacterBP.PackageMetaData'
[2018.10.03-04.58.00:690][623]LogMetaData: Removing '/Game/blueprints/CharacterBP.CharacterBP_C:CameraPlayer' ref from Metadata '/Game/CharacterBP.PackageMetaData'
[2018.10.03-04.58.00:690][623]LogMetaData: Removing '/Game/blueprints/CharacterBP.CharacterBP_C:CameraScreen' ref from Metadata '/Game/CharacterBP.PackageMetaData'
[2018.10.03-04.58.00:690][623]LogMetaData: Removing '/Game/blueprints/CharacterBP.CharacterBP_C:NewEventDispatcher_0' ref from Metadata '/Game/CharacterBP.PackageMetaData'
[2018.10.03-04.58.00:691][623]LogMetaData: Removing '/Game/blueprints/CharacterBP.CharacterBP_C:NearChair' ref from Metadata '/Game/CharacterBP.PackageMetaData'
[2018.10.03-04.58.00:691][623]LogMetaData: Removing '/Game/blueprints/CharacterBP.CharacterBP_C:InChair' ref from Metadata '/Game/CharacterBP.PackageMetaData'
[2018.10.03-04.58.00:691][623]LogMetaData: Removing '/Game/blueprints/CharacterBP.CharacterBP_C:AltPressed' ref from Metadata '/Game/CharacterBP.PackageMetaData'
[2018.10.03-04.58.00:691][623]LogMetaData: Removing '/Game/blueprints/CharacterBP.CharacterBP_C:CharacterCamera' ref from Metadata '/Game/CharacterBP.PackageMetaData'
[2018.10.03-04.58.00:691][623]LogMetaData: Removing '/Game/blueprints/CharacterBP.CharacterBP_C:UserConstructionScript' ref from Metadata '/Game/CharacterBP.PackageMetaData'
[2018.10.03-04.58.00:697][623]LogMetaData: Removing '/Game/blueprints/Computer_Mouse_Actor_BP.Computer_Mouse_Actor_BP:UserConstructionScript.K2Node_FunctionEntry_0' ref from Metadata '/Game/Computer_Mouse_Actor_BP.PackageMetaData'
[2018.10.03-04.58.00:697][623]LogMetaData: Removing '/Game/blueprints/Computer_Mouse_Actor_BP.Computer_Mouse_Actor_BP_C' ref from Metadata '/Game/Computer_Mouse_Actor_BP.PackageMetaData'
[2018.10.03-04.58.00:697][623]LogMetaData: Removing '/Game/blueprints/Computer_Mouse_Actor_BP.Computer_Mouse_Actor_BP:EventGraph.K2Node_Event_0' ref from Metadata '/Game/Computer_Mouse_Actor_BP.PackageMetaData'
[2018.10.03-04.58.00:697][623]LogMetaData: Removing '/Game/blueprints/Computer_Mouse_Actor_BP.Computer_Mouse_Actor_BP:EventGraph.K2Node_Event_1' ref from Metadata '/Game/Computer_Mouse_Actor_BP.PackageMetaData'
[2018.10.03-04.58.00:697][623]LogMetaData: Removing '/Game/blueprints/Computer_Mouse_Actor_BP.Computer_Mouse_Actor_BP:EventGraph.K2Node_Event_2' ref from Metadata '/Game/Computer_Mouse_Actor_BP.PackageMetaData'
[2018.10.03-04.58.00:697][623]LogMetaData: Removing '/Game/blueprints/Computer_Mouse_Actor_BP.SKEL_Computer_Mouse_Actor_BP_C:ReceiveBeginPlay' ref from Metadata '/Game/Computer_Mouse_Actor_BP.PackageMetaData'
[2018.10.03-04.58.00:697][623]LogMetaData: Removing '/Game/blueprints/Computer_Mouse_Actor_BP.SKEL_Computer_Mouse_Actor_BP_C:ReceiveActorBeginOverlap' ref from Metadata '/Game/Computer_Mouse_Actor_BP.PackageMetaData'
[2018.10.03-04.58.00:697][623]LogMetaData: Removing '/Game/blueprints/Computer_Mouse_Actor_BP.SKEL_Computer_Mouse_Actor_BP_C:ReceiveTick' ref from Metadata '/Game/Computer_Mouse_Actor_BP.PackageMetaData'
[2018.10.03-04.58.00:697][623]LogMetaData: Removing '/Game/blueprints/Computer_Mouse_Actor_BP.SKEL_Computer_Mouse_Actor_BP_C:InpAxisKeyEvt_MouseY_K2Node_InputAxisKeyEvent_0' ref from Metadata '/Game/Computer_Mouse_Actor_BP.PackageMetaData'
[2018.10.03-04.58.00:697][623]LogMetaData: Removing '/Game/blueprints/Computer_Mouse_Actor_BP.SKEL_Computer_Mouse_Actor_BP_C:InpAxisKeyEvt_MouseX_K2Node_InputAxisKeyEvent_2' ref from Metadata '/Game/Computer_Mouse_Actor_BP.PackageMetaData'
[2018.10.03-04.58.00:697][623]LogMetaData: Removing '/Game/blueprints/Computer_Mouse_Actor_BP.SKEL_Computer_Mouse_Actor_BP_C:ClickableObject' ref from Metadata '/Game/Computer_Mouse_Actor_BP.PackageMetaData'
[2018.10.03-04.58.00:697][623]LogMetaData: Removing '/Game/blueprints/Computer_Mouse_Actor_BP.SKEL_Computer_Mouse_Actor_BP_C:AltPressed' ref from Metadata '/Game/Computer_Mouse_Actor_BP.PackageMetaData'
[2018.10.03-04.58.00:697][623]LogMetaData: Removing '/Game/blueprints/Computer_Mouse_Actor_BP.SKEL_Computer_Mouse_Actor_BP_C:DefaultSceneRoot' ref from Metadata '/Game/Computer_Mouse_Actor_BP.PackageMetaData'
[2018.10.03-04.58.00:698][623]LogMetaData: Removing '/Game/blueprints/Computer_Mouse_Actor_BP.SKEL_Computer_Mouse_Actor_BP_C:Plane' ref from Metadata '/Game/Computer_Mouse_Actor_BP.PackageMetaData'
[2018.10.03-04.58.00:698][623]LogMetaData: Removing '/Game/blueprints/Computer_Mouse_Actor_BP.SKEL_Computer_Mouse_Actor_BP_C:UserConstructionScript' ref from Metadata '/Game/Computer_Mouse_Actor_BP.PackageMetaData'
[2018.10.03-04.58.00:698][623]LogMetaData: Removing '/Game/blueprints/Computer_Mouse_Actor_BP.SKEL_Computer_Mouse_Actor_BP_C' ref from Metadata '/Game/Computer_Mouse_Actor_BP.PackageMetaData'
[2018.10.03-04.58.00:698][623]LogMetaData: Removing '/Game/blueprints/Computer_Mouse_Actor_BP.Computer_Mouse_Actor_BP_C:ClickableObject' ref from Metadata '/Game/Computer_Mouse_Actor_BP.PackageMetaData'
[2018.10.03-04.58.00:698][623]LogMetaData: Removing '/Game/blueprints/Computer_Mouse_Actor_BP.Computer_Mouse_Actor_BP_C:AltPressed' ref from Metadata '/Game/Computer_Mouse_Actor_BP.PackageMetaData'
[2018.10.03-04.58.00:698][623]LogMetaData: Removing '/Game/blueprints/Computer_Mouse_Actor_BP.Computer_Mouse_Actor_BP_C:DefaultSceneRoot' ref from Metadata '/Game/Computer_Mouse_Actor_BP.PackageMetaData'
[2018.10.03-04.58.00:698][623]LogMetaData: Removing '/Game/blueprints/Computer_Mouse_Actor_BP.Computer_Mouse_Actor_BP_C:Plane' ref from Metadata '/Game/Computer_Mouse_Actor_BP.PackageMetaData'
[2018.10.03-04.58.00:698][623]LogMetaData: Removing '/Game/blueprints/Computer_Mouse_Actor_BP.Computer_Mouse_Actor_BP_C:ReceiveTick' ref from Metadata '/Game/Computer_Mouse_Actor_BP.PackageMetaData'
[2018.10.03-04.58.00:698][623]LogMetaData: Removing '/Game/blueprints/Computer_Mouse_Actor_BP.Computer_Mouse_Actor_BP_C:UserConstructionScript' ref from Metadata '/Game/Computer_Mouse_Actor_BP.PackageMetaData'
[2018.10.03-04.58.00:706][623]LogMetaData: Removing '/Game/blueprints/MouseTest.MouseTest:UserConstructionScript.K2Node_FunctionEntry_0' ref from Metadata '/Game/MouseTest.PackageMetaData'
[2018.10.03-04.58.00:706][623]LogMetaData: Removing '/Game/blueprints/MouseTest.MouseTest_C' ref from Metadata '/Game/MouseTest.PackageMetaData'
[2018.10.03-04.58.00:706][623]LogMetaData: Removing '/Game/blueprints/MouseTest.MouseTest:EventGraph.K2Node_Event_0' ref from Metadata '/Game/MouseTest.PackageMetaData'
[2018.10.03-04.58.00:706][623]LogMetaData: Removing '/Game/blueprints/MouseTest.MouseTest:EventGraph.K2Node_Event_1' ref from Metadata '/Game/MouseTest.PackageMetaData'
[2018.10.03-04.58.00:706][623]LogMetaData: Removing '/Game/blueprints/MouseTest.SKEL_MouseTest_C:ReceiveBeginPlay' ref from Metadata '/Game/MouseTest.PackageMetaData'
[2018.10.03-04.58.00:706][623]LogMetaData: Removing '/Game/blueprints/MouseTest.SKEL_MouseTest_C:ReceiveTick' ref from Metadata '/Game/MouseTest.PackageMetaData'
[2018.10.03-04.58.00:706][623]LogMetaData: Removing '/Game/blueprints/MouseTest.SKEL_MouseTest_C:UserConstructionScript' ref from Metadata '/Game/MouseTest.PackageMetaData'
[2018.10.03-04.58.00:706][623]LogMetaData: Removing '/Game/blueprints/MouseTest.SKEL_MouseTest_C' ref from Metadata '/Game/MouseTest.PackageMetaData'
[2018.10.03-04.58.00:736][623]Cmd: OBJ SAVEPACKAGE PACKAGE="/Game/blueprints/MouseTest_Gamemode" FILE="../../../../../GitHub/OfficeGame/OfficeProject/Content/blueprints/MouseTest_Gamemode.uasset" SILENT=true
[2018.10.03-04.58.00:745][623]LogSavePackage: Moving '../../../../../GitHub/OfficeGame/OfficeProject/Saved/MouseTest_Gamemode3B92602F4440A03C5A317186CD0D5C24.tmp' to '../../../../../GitHub/OfficeGame/OfficeProject/Content/blueprints/MouseTest_Gamemode.uasset'
[2018.10.03-04.58.00:751][623]Cmd: OBJ SAVEPACKAGE PACKAGE="/Game/MouseTest_Gamemode" FILE="../../../../../GitHub/OfficeGame/OfficeProject/Content/MouseTest_Gamemode.uasset" SILENT=true
[2018.10.03-04.58.00:765][623]LogSavePackage: Moving '../../../../../GitHub/OfficeGame/OfficeProject/Saved/MouseTest_GamemodeDF80B7A04353E481C6E8E797428B4B69.tmp' to '../../../../../GitHub/OfficeGame/OfficeProject/Content/MouseTest_Gamemode.uasset'
[2018.10.03-04.58.00:770][623]Cmd: OBJ SAVEPACKAGE PACKAGE="/Game/blueprints/CharacterBP" FILE="../../../../../GitHub/OfficeGame/OfficeProject/Content/blueprints/CharacterBP.uasset" SILENT=true
[2018.10.03-04.58.00:804][623]LogSavePackage: Moving '../../../../../GitHub/OfficeGame/OfficeProject/Saved/CharacterBP6D8035A0455555D530DEB9A09B9D7F75.tmp' to '../../../../../GitHub/OfficeGame/OfficeProject/Content/blueprints/CharacterBP.uasset'
[2018.10.03-04.58.00:810][623]Cmd: OBJ SAVEPACKAGE PACKAGE="/Game/CharacterBP" FILE="../../../../../GitHub/OfficeGame/OfficeProject/Content/CharacterBP.uasset" SILENT=true
[2018.10.03-04.58.00:824][623]LogSavePackage: Moving '../../../../../GitHub/OfficeGame/OfficeProject/Saved/CharacterBP655C181041EB227F1739BA98D3634FD2.tmp' to '../../../../../GitHub/OfficeGame/OfficeProject/Content/CharacterBP.uasset'
[2018.10.03-04.58.00:841][623]Cmd: OBJ SAVEPACKAGE PACKAGE="/Game/blueprints/Computer_Mouse_Actor_BP" FILE="../../../../../GitHub/OfficeGame/OfficeProject/Content/blueprints/Computer_Mouse_Actor_BP.uasset" SILENT=true
[2018.10.03-04.58.00:868][623]LogSavePackage: Moving '../../../../../GitHub/OfficeGame/OfficeProject/Saved/Computer_Mouse_Actor_BP40366F414CF39CBA1F5B0284F8DA7944.tmp' to '../../../../../GitHub/OfficeGame/OfficeProject/Content/blueprints/Computer_Mouse_Actor_BP.uasset'
[2018.10.03-04.58.00:874][623]Cmd: OBJ SAVEPACKAGE PACKAGE="/Game/Computer_Mouse_Actor_BP" FILE="../../../../../GitHub/OfficeGame/OfficeProject/Content/Computer_Mouse_Actor_BP.uasset" SILENT=true
[2018.10.03-04.58.00:891][623]LogSavePackage: Moving '../../../../../GitHub/OfficeGame/OfficeProject/Saved/Computer_Mouse_Actor_BP4CC240AC4BFAA0D9DABF488421D5E3BF.tmp' to '../../../../../GitHub/OfficeGame/OfficeProject/Content/Computer_Mouse_Actor_BP.uasset'
[2018.10.03-04.58.00:897][623]Cmd: OBJ SAVEPACKAGE PACKAGE="/Game/blueprints/MouseTest" FILE="../../../../../GitHub/OfficeGame/OfficeProject/Content/blueprints/MouseTest.uasset" SILENT=true
[2018.10.03-04.58.00:911][623]LogSavePackage: Moving '../../../../../GitHub/OfficeGame/OfficeProject/Saved/MouseTest1B57A7B34088A8EBBFEDBAB0D9A6AB5F.tmp' to '../../../../../GitHub/OfficeGame/OfficeProject/Content/blueprints/MouseTest.uasset'
[2018.10.03-04.58.05:457][136]LogAIModule: Creating AISystem for world Prototype
[2018.10.03-04.58.05:555][136]Cmd: OBJ SAVEPACKAGE PACKAGE="/Game/levels/Prototype" FILE="../../../../../GitHub/OfficeGame/OfficeProject/Content/levels/Prototype.umap" SILENT=true AUTOSAVING=false KEEPDIRTY=false
[2018.10.03-04.58.05:713][136]LogSavePackage: Moving '../../../../../GitHub/OfficeGame/OfficeProject/Saved/PrototypeC067E24C4084C7BE504CF682D30A0553.tmp' to '../../../../../GitHub/OfficeGame/OfficeProject/Content/levels/Prototype.umap'
[2018.10.03-04.58.05:729][136]LogFileHelpers: Saving map 'Prototype' took 0.231
[2018.10.03-04.58.05:731][136]Cmd: OBJ SAVEPACKAGE PACKAGE="/Game/blueprints/ClickableObject" FILE="../../../../../GitHub/OfficeGame/OfficeProject/Content/blueprints/ClickableObject.uasset" SILENT=true
[2018.10.03-04.58.05:762][136]LogSavePackage: Moving '../../../../../GitHub/OfficeGame/OfficeProject/Saved/ClickableObject52DE38FB41CA14CF73AD20B386C9A93E.tmp' to '../../../../../GitHub/OfficeGame/OfficeProject/Content/blueprints/ClickableObject.uasset'
[2018.10.03-04.59.26:574][461]LogAssetEditorManager: Opening Asset editor for World /Game/levels/Prototype.Prototype
[2018.10.03-04.59.28:424][461]LogSlate: Window 'Save Content' being destroyed
[2018.10.03-04.59.28:429][461]Cmd: OBJ SAVEPACKAGE PACKAGE="/Game/blueprints/CharacterBP" FILE="../../../../../GitHub/OfficeGame/OfficeProject/Content/blueprints/CharacterBP.uasset" SILENT=true
[2018.10.03-04.59.28:469][461]LogSavePackage: Moving '../../../../../GitHub/OfficeGame/OfficeProject/Saved/CharacterBP88C11F1B44FD57922AF706BCAE051EF2.tmp' to '../../../../../GitHub/OfficeGame/OfficeProject/Content/blueprints/CharacterBP.uasset'
[2018.10.03-04.59.28:475][461]Cmd: MAP LOAD FILE="../../../../../GitHub/OfficeGame/OfficeProject/Content/levels/Prototype.umap" TEMPLATE=0 SHOWPROGRESS=1 FEATURELEVEL=3
[2018.10.03-04.59.28:475][461]LightingResults: New page: Lighting Build
[2018.10.03-04.59.28:475][461]LoadErrors: New page: Loading map: Prototype.umap
[2018.10.03-04.59.28:476][461]MapCheck: New page: Map Check
[2018.10.03-04.59.28:476][461]LightingResults: New page: Lighting Build
[2018.10.03-04.59.28:559][461]LogEditorServer: Finished looking for orphan Actors (0.000 secs)
[2018.10.03-04.59.28:611][461]Cmd: MAP CHECKDEP NOCLEARLOG
[2018.10.03-04.59.28:667][461]MapCheck: Map check complete: 0 Error(s), 0 Warning(s), took 56.506ms to complete.
[2018.10.03-04.59.28:669][461]LogFileHelpers: Loading map 'Prototype' took 0.195
[2018.10.03-04.59.28:729][463]LogRenderer: Reallocating scene render targets to support 2048x2048 Format 10 NumSamples 1 (Frame:1).
[2018.10.03-05.00.35:286][960]LogSlate: FSceneViewport::OnFocusLost() reason 0
[2018.10.03-05.03.02:100][902]LogFactory: FactoryCreateFile: StaticMesh with FbxFactory (0 0 ../../../../../Maya Projects/OfficeGame/cubicle.fbx)
[2018.10.03-05.03.02:217][902]LogFbx: Loading FBX Scene from ../../../../../Maya Projects/OfficeGame/cubicle.fbx
[2018.10.03-05.03.02:250][902]LogFbx: FBX Scene Loaded Succesfully
[2018.10.03-05.03.13:609][902]LogSlate: Window 'FBX Import Options' being destroyed
[2018.10.03-05.03.14:206][902]LogMaterial: Display: Missing cached shader map for material mousePad_Mat, compiling. 
[2018.10.03-05.03.14:244][902]LogFbx: Warning: Triangulating static mesh pCube8
[2018.10.03-05.03.14:311][902]LogShaderCompilers: Display: Shaders left to compile 22
[2018.10.03-05.03.14:311][902]LogShaderCompilers: Display: Shaders left to compile 12
[2018.10.03-05.03.14:311][902]LogShaderCompilers: Display: Shaders left to compile 2
[2018.10.03-05.03.14:326][902]LogStaticMesh: Building static mesh cubicle_pCube8...
[2018.10.03-05.03.14:365][902]LogStaticMesh: Built static mesh [0.04s] /Game/objects/models/cubicle_pCube8.cubicle_pCube8
[2018.10.03-05.03.14:381][902]LogMaterial: Display: Missing cached shader map for material computer_Mat, compiling. 
[2018.10.03-05.03.14:390][902]LogShaderCompilers: Display: Shaders left to compile 22
[2018.10.03-05.03.14:391][902]LogFbx: Warning: Triangulating static mesh pCube7
[2018.10.03-05.03.14:392][902]LogStaticMesh: Building static mesh cubicle_pCube7...
[2018.10.03-05.03.14:393][902]LogStaticMesh: Built static mesh [0.00s] /Game/objects/models/cubicle_pCube7.cubicle_pCube7
[2018.10.03-05.03.14:402][902]LogFbx: Warning: Triangulating static mesh pCube5
[2018.10.03-05.03.14:404][902]LogStaticMesh: Building static mesh cubicle_pCube5...
[2018.10.03-05.03.14:405][902]LogStaticMesh: Built static mesh [0.00s] /Game/objects/models/cubicle_pCube5.cubicle_pCube5
[2018.10.03-05.03.14:423][902]LogMaterial: Display: Missing cached shader map for material chair_Mat, compiling. 
[2018.10.03-05.03.14:437][902]LogFbx: Warning: Triangulating static mesh pCube9_Dup_3
[2018.10.03-05.03.14:441][902]LogStaticMesh: Building static mesh cubicle_pCube9_Dup_3...
[2018.10.03-05.03.14:450][902]LogStaticMesh: Built static mesh [0.01s] /Game/objects/models/cubicle_pCube9_Dup_3.cubicle_pCube9_Dup_3
[2018.10.03-05.03.14:464][902]LogMaterial: Display: Missing cached shader map for material phong8, compiling. 
[2018.10.03-05.03.14:476][902]LogFbx: Warning: Triangulating static mesh SmartSeparate_2
[2018.10.03-05.03.14:478][902]LogStaticMesh: Building static mesh cubicle_SmartSeparate_2...
[2018.10.03-05.03.14:481][902]LogStaticMesh: Built static mesh [0.00s] /Game/objects/models/cubicle_SmartSeparate_2.cubicle_SmartSeparate_2
[2018.10.03-05.03.14:490][902]LogFbx: Warning: Triangulating static mesh SmartSeparate_3
[2018.10.03-05.03.14:491][902]LogStaticMesh: Building static mesh cubicle_SmartSeparate_3...
[2018.10.03-05.03.14:495][902]LogStaticMesh: Built static mesh [0.00s] /Game/objects/models/cubicle_SmartSeparate_3.cubicle_SmartSeparate_3
[2018.10.03-05.03.14:503][902]LogFbx: Warning: Triangulating static mesh SmartSeparate_5
[2018.10.03-05.03.14:505][902]LogStaticMesh: Building static mesh cubicle_SmartSeparate_5...
[2018.10.03-05.03.14:509][902]LogStaticMesh: Built static mesh [0.00s] /Game/objects/models/cubicle_SmartSeparate_5.cubicle_SmartSeparate_5
[2018.10.03-05.03.14:519][902]LogFbx: Warning: Triangulating static mesh SmartSeparate_6
[2018.10.03-05.03.14:523][902]LogStaticMesh: Building static mesh cubicle_SmartSeparate_6...
[2018.10.03-05.03.14:526][902]LogStaticMesh: Built static mesh [0.00s] /Game/objects/models/cubicle_SmartSeparate_6.cubicle_SmartSeparate_6
[2018.10.03-05.03.14:543][902]LogMaterial: Display: Missing cached shader map for material cabinet_Mat, compiling. 
[2018.10.03-05.03.14:556][902]LogFbx: Warning: Triangulating static mesh SmartSeparate_7
[2018.10.03-05.03.14:558][902]LogStaticMesh: Building static mesh cubicle_SmartSeparate_7...
[2018.10.03-05.03.14:558][902]LogStaticMesh: Built static mesh [0.00s] /Game/objects/models/cubicle_SmartSeparate_7.cubicle_SmartSeparate_7
[2018.10.03-05.03.14:573][902]LogMaterial: Display: Missing cached shader map for material deskWood_Mat, compiling. 
[2018.10.03-05.03.14:594][902]LogMaterial: Display: Missing cached shader map for material deskTrim_Mat, compiling. 
[2018.10.03-05.03.14:606][902]LogFbx: Warning: Triangulating static mesh deskShort_low
[2018.10.03-05.03.14:610][902]LogStaticMesh: Building static mesh cubicle_deskShort_low...
[2018.10.03-05.03.14:613][902]LogStaticMesh: Built static mesh [0.00s] /Game/objects/models/cubicle_deskShort_low.cubicle_deskShort_low
[2018.10.03-05.03.14:621][902]LogFbx: Warning: Triangulating static mesh deskLong_low
[2018.10.03-05.03.14:630][902]LogStaticMesh: Building static mesh cubicle_deskLong_low...
[2018.10.03-05.03.14:637][902]LogStaticMesh: Built static mesh [0.01s] /Game/objects/models/cubicle_deskLong_low.cubicle_deskLong_low
[2018.10.03-05.03.15:124][929]LogShaderCompilers: Display: Shaders left to compile 122
[2018.10.03-05.03.16:938][ 78]LogShaderCompilers: Display: Shaders left to compile 112
[2018.10.03-05.03.17:216][102]LogShaderCompilers: Display: Shaders left to compile 102
[2018.10.03-05.03.18:805][246]LogShaderCompilers: Display: Shaders left to compile 92
[2018.10.03-05.03.19:027][266]LogShaderCompilers: Display: Shaders left to compile 82
[2018.10.03-05.03.19:241][286]LogShaderCompilers: Display: Shaders left to compile 72
[2018.10.03-05.03.21:061][447]LogShaderCompilers: Display: Shaders left to compile 62
[2018.10.03-05.03.21:524][489]LogShaderCompilers: Display: Shaders left to compile 52
[2018.10.03-05.03.22:257][554]LogShaderCompilers: Display: Shaders left to compile 42
[2018.10.03-05.03.22:524][578]LogShaderCompilers: Display: Shaders left to compile 32
[2018.10.03-05.03.24:048][713]LogShaderCompilers: Display: Shaders left to compile 22
[2018.10.03-05.03.24:746][773]LogShaderCompilers: Display: Shaders left to compile 12
[2018.10.03-05.03.24:882][785]LogShaderCompilers: Display: Shaders left to compile 2
[2018.10.03-05.03.41:022][ 75]LogSlate: FSceneViewport::OnFocusLost() reason 0
[2018.10.03-05.03.42:832][ 86]LogSlate: Window 'Save Content' being destroyed
[2018.10.03-05.03.42:907][ 86]LogSlate: Window 'OfficeProject - Unreal Editor' being destroyed
[2018.10.03-05.03.43:098][ 87]Cmd: QUIT_EDITOR
[2018.10.03-05.03.43:124][ 87]LogWindowsTextInputMethodSystem: Display: IME system now deactivated.
[2018.10.03-05.03.43:135][ 87]LogExit: Preparing to exit.
[2018.10.03-05.03.44:151][ 87]LogExit: Editor shut down
[2018.10.03-05.03.44:152][ 87]LogExit: Transaction tracking system shut down
[2018.10.03-05.03.44:402][ 87]LogExit: Object subsystem successfully closed.
[2018.10.03-05.03.44:415][ 87]LogShaderCompilers: Display: Shaders left to compile 0
[2018.10.03-05.03.44:420][ 87]LogD3D11RHI: Shutdown
[2018.10.03-05.03.44:420][ 87]LogD3D11RHI: CleanupD3DDevice
[2018.10.03-05.03.44:425][ 87]LogD3D11RHI: ~FD3D11DynamicRHI
[2018.10.03-05.03.44:436][ 87]LogModuleManager: Shutting down and abandoning module MeshBuilder (614)
[2018.10.03-05.03.44:436][ 87]LogModuleManager: Shutting down and abandoning module HierarchicalLODOutliner (612)
[2018.10.03-05.03.44:436][ 87]LogModuleManager: Shutting down and abandoning module SceneOutliner (610)
[2018.10.03-05.03.44:436][ 87]LogModuleManager: Shutting down and abandoning module AddContentDialog (608)
[2018.10.03-05.03.44:436][ 87]LogModuleManager: Shutting down and abandoning module WidgetCarousel (607)
[2018.10.03-05.03.44:436][ 87]LogModuleManager: Shutting down and abandoning module EditorWidgets (604)
[2018.10.03-05.03.44:436][ 87]LogModuleManager: Shutting down and abandoning module CollectionManager (602)
[2018.10.03-05.03.44:436][ 87]LogModuleManager: Shutting down and abandoning module HierarchicalLODUtilities (600)
[2018.10.03-05.03.44:436][ 87]LogModuleManager: Shutting down and abandoning module StatsViewer (598)
[2018.10.03-05.03.44:436][ 87]LogModuleManager: Shutting down and abandoning module FoliageEdit (596)
[2018.10.03-05.03.44:436][ 87]LogModuleManager: Shutting down and abandoning module LandscapeEditor (594)
[2018.10.03-05.03.44:436][ 87]LogModuleManager: Shutting down and abandoning module MeshPaintMode (592)
[2018.10.03-05.03.44:437][ 87]LogModuleManager: Shutting down and abandoning module SceneDepthPickerMode (590)
[2018.10.03-05.03.44:437][ 87]LogModuleManager: Shutting down and abandoning module ActorPickerMode (588)
[2018.10.03-05.03.44:437][ 87]LogModuleManager: Shutting down and abandoning module GeometryMode (586)
[2018.10.03-05.03.44:437][ 87]LogModuleManager: Shutting down and abandoning module TextureAlignMode (584)
[2018.10.03-05.03.44:437][ 87]LogModuleManager: Shutting down and abandoning module BspMode (582)
[2018.10.03-05.03.44:437][ 87]LogModuleManager: Shutting down and abandoning module PIEPreviewDeviceProfileSelector (580)
[2018.10.03-05.03.44:437][ 87]LogModuleManager: Shutting down and abandoning module SequenceRecorderSections (578)
[2018.10.03-05.03.44:437][ 87]LogModuleManager: Shutting down and abandoning module AutomationWorker (576)
[2018.10.03-05.03.44:437][ 87]LogModuleManager: Shutting down and abandoning module AudioCaptureEditor (574)
[2018.10.03-05.03.44:437][ 87]LogModuleManager: Shutting down and abandoning module SequenceRecorder (573)
[2018.10.03-05.03.44:437][ 87]LogModuleManager: Shutting down and abandoning module MatineeToLevelSequence (570)
[2018.10.03-05.03.44:437][ 87]LogModuleManager: Shutting down and abandoning module LevelSequenceEditor (568)
[2018.10.03-05.03.44:437][ 87]LogModuleManager: Shutting down and abandoning module PlacementMode (567)
[2018.10.03-05.03.44:437][ 87]LogModuleManager: Shutting down and abandoning module MaterialEditor (566)
[2018.10.03-05.03.44:437][ 87]LogModuleManager: Shutting down and abandoning module WmfMediaFactory (562)
[2018.10.03-05.03.44:437][ 87]LogModuleManager: Shutting down and abandoning module WmfMediaEditor (560)
[2018.10.03-05.03.44:437][ 87]LogModuleManager: Shutting down and abandoning module MediaPlayerEditor (558)
[2018.10.03-05.03.44:437][ 87]LogModuleManager: Shutting down and abandoning module OpenExrWrapper (556)
[2018.10.03-05.03.44:437][ 87]LogModuleManager: Shutting down and abandoning module ImgMediaFactory (554)
[2018.10.03-05.03.44:437][ 87]LogModuleManager: Shutting down and abandoning module ImgMediaEditor (552)
[2018.10.03-05.03.44:437][ 87]LogModuleManager: Shutting down and abandoning module AvfMediaFactory (550)
[2018.10.03-05.03.44:437][ 87]LogModuleManager: Shutting down and abandoning module AvfMediaEditor (548)
[2018.10.03-05.03.44:437][ 87]LogModuleManager: Shutting down and abandoning module AndroidMediaFactory (546)
[2018.10.03-05.03.44:437][ 87]LogModuleManager: Shutting down and abandoning module AndroidMediaEditor (544)
[2018.10.03-05.03.44:437][ 87]LogModuleManager: Shutting down and abandoning module MagicLeapCameraPreviewFactory (542)
[2018.10.03-05.03.44:437][ 87]LogModuleManager: Shutting down and abandoning module MagicLeapMediaFactory (540)
[2018.10.03-05.03.44:437][ 87]LogModuleManager: Shutting down and abandoning module MagicLeapMediaEditor (538)
[2018.10.03-05.03.44:437][ 87]LogModuleManager: Shutting down and abandoning module CharacterAI (536)
[2018.10.03-05.03.44:437][ 87]LogModuleManager: Shutting down and abandoning module SmartSnapping (534)
[2018.10.03-05.03.44:437][ 87]LogModuleManager: Shutting down and abandoning module SessionServices (532)
[2018.10.03-05.03.44:437][ 87]LogModuleManager: Shutting down and abandoning module ViewportSnapping (530)
[2018.10.03-05.03.44:437][ 87]LogModuleManager: Shutting down and abandoning module ViewportInteraction (528)
[2018.10.03-05.03.44:437][ 87]LogModuleManager: Shutting down and abandoning module ClothPainter (526)
[2018.10.03-05.03.44:437][ 87]LogModuleManager: Shutting down and abandoning module SkeletalMeshEditor (525)
[2018.10.03-05.03.44:437][ 87]LogModuleManager: Shutting down and abandoning module LogVisualizer (522)
[2018.10.03-05.03.44:437][ 87]LogModuleManager: Shutting down and abandoning module IntroTutorials (520)
[2018.10.03-05.03.44:438][ 87]LogModuleManager: Shutting down and abandoning module GameProjectGeneration (519)
[2018.10.03-05.03.44:438][ 87]LogModuleManager: Shutting down and abandoning module LuminPlatformEditor (516)
[2018.10.03-05.03.44:438][ 87]LogModuleManager: Shutting down and abandoning module IOSPlatformEditor (514)
[2018.10.03-05.03.44:438][ 87]LogModuleManager: Shutting down and abandoning module HTML5PlatformEditor (512)
[2018.10.03-05.03.44:438][ 87]LogModuleManager: Shutting down and abandoning module AndroidPlatformEditor (510)
[2018.10.03-05.03.44:438][ 87]LogModuleManager: Shutting down and abandoning module AndroidDeviceDetection (509)
[2018.10.03-05.03.45:039][ 87]LogModuleManager: Shutting down and abandoning module WindowsPlatformEditor (506)
[2018.10.03-05.03.45:039][ 87]LogModuleManager: Shutting down and abandoning module LuminRuntimeSettings (504)
[2018.10.03-05.03.45:039][ 87]LogModuleManager: Shutting down and abandoning module IOSRuntimeSettings (502)
[2018.10.03-05.03.45:039][ 87]LogModuleManager: Shutting down and abandoning module AndroidRuntimeSettings (500)
[2018.10.03-05.03.45:039][ 87]LogModuleManager: Shutting down and abandoning module InputBindingEditor (498)
[2018.10.03-05.03.45:040][ 87]LogModuleManager: Shutting down and abandoning module MergeActors (496)
[2018.10.03-05.03.45:040][ 87]LogModuleManager: Shutting down and abandoning module LocalizationDashboard (494)
[2018.10.03-05.03.45:040][ 87]LogModuleManager: Shutting down and abandoning module LocalizationService (493)
[2018.10.03-05.03.45:040][ 87]LogModuleManager: Shutting down and abandoning module HardwareTargeting (490)
[2018.10.03-05.03.45:040][ 87]LogModuleManager: Shutting down and abandoning module DeviceProfileEditor (488)
[2018.10.03-05.03.45:040][ 87]LogModuleManager: Shutting down and abandoning module UndoHistory (486)
[2018.10.03-05.03.45:040][ 87]LogModuleManager: Shutting down and abandoning module XmlParser (484)
[2018.10.03-05.03.45:040][ 87]LogModuleManager: Shutting down and abandoning module Blutility (482)
[2018.10.03-05.03.45:040][ 87]LogModuleManager: Shutting down and abandoning module ProjectSettingsViewer (480)
[2018.10.03-05.03.45:040][ 87]LogModuleManager: Shutting down and abandoning module ProjectTargetPlatformEditor (479)
[2018.10.03-05.03.45:040][ 87]LogModuleManager: Shutting down and abandoning module EditorSettingsViewer (476)
[2018.10.03-05.03.45:040][ 87]LogModuleManager: Shutting down and abandoning module SettingsEditor (474)
[2018.10.03-05.03.45:040][ 87]LogModuleManager: Shutting down and abandoning module ProjectLauncher (472)
[2018.10.03-05.03.45:040][ 87]LogModuleManager: Shutting down and abandoning module SessionFrontend (470)
[2018.10.03-05.03.45:040][ 87]LogModuleManager: Shutting down and abandoning module ProfilerClient (468)
[2018.10.03-05.03.45:040][ 87]LogModuleManager: Shutting down and abandoning module DeviceManager (466)
[2018.10.03-05.03.45:040][ 87]LogModuleManager: Shutting down and abandoning module TargetDeviceServices (465)
[2018.10.03-05.03.45:106][ 87]LogModuleManager: Shutting down and abandoning module AutomationController (462)
[2018.10.03-05.03.45:106][ 87]LogModuleManager: Shutting down and abandoning module AutomationWindow (460)
[2018.10.03-05.03.45:106][ 87]LogModuleManager: Shutting down and abandoning module Layers (458)
[2018.10.03-05.03.45:106][ 87]LogModuleManager: Shutting down and abandoning module ComponentVisualizers (456)
[2018.10.03-05.03.45:106][ 87]LogModuleManager: Shutting down and abandoning module DetailCustomizations (454)
[2018.10.03-05.03.45:106][ 87]LogModuleManager: Shutting down and abandoning module PackagesDialog (452)
[2018.10.03-05.03.45:107][ 87]LogModuleManager: Shutting down and abandoning module Persona (450)
[2018.10.03-05.03.45:108][ 87]LogModuleManager: Shutting down and abandoning module AdvancedPreviewScene (449)
[2018.10.03-05.03.45:108][ 87]LogModuleManager: Shutting down and abandoning module AnimGraph (447)
[2018.10.03-05.03.45:108][ 87]LogModuleManager: Shutting down and abandoning module Kismet (444)
[2018.10.03-05.03.45:108][ 87]LogModuleManager: Shutting down and abandoning module GraphEditor (442)
[2018.10.03-05.03.45:108][ 87]LogModuleManager: Shutting down and abandoning module ClassViewer (440)
[2018.10.03-05.03.45:108][ 87]LogModuleManager: Shutting down and abandoning module Toolbox (438)
[2018.10.03-05.03.45:108][ 87]LogModuleManager: Shutting down and abandoning module ModuleUI (436)
[2018.10.03-05.03.45:108][ 87]LogModuleManager: Shutting down and abandoning module MovieSceneTools (434)
[2018.10.03-05.03.45:108][ 87]LogModuleManager: Shutting down and abandoning module OutputLog (432)
[2018.10.03-05.03.45:108][ 87]LogModuleManager: Shutting down and abandoning module GammaUI (430)
[2018.10.03-05.03.45:108][ 87]LogModuleManager: Shutting down and abandoning module Documentation (428)
[2018.10.03-05.03.45:108][ 87]LogModuleManager: Shutting down and abandoning module MovieSceneTracks (426)
[2018.10.03-05.03.45:109][ 87]LogModuleManager: Shutting down and abandoning module MovieScene (424)
[2018.10.03-05.03.45:109][ 87]LogModuleManager: Shutting down and abandoning module StreamingPauseRendering (422)
[2018.10.03-05.03.45:109][ 87]LogModuleManager: Shutting down and abandoning module LauncherPlatform (420)
[2018.10.03-05.03.45:109][ 87]LogModuleManager: Shutting down and abandoning module AnalyticsET (418)
[2018.10.03-05.03.45:109][ 87]LogModuleManager: Shutting down and abandoning module PortalServices (416)
[2018.10.03-05.03.45:109][ 87]LogModuleManager: Shutting down and abandoning module PortalRpc (414)
[2018.10.03-05.03.45:109][ 87]LogModuleManager: Shutting down and abandoning module MessagingRpc (412)
[2018.10.03-05.03.45:109][ 87]LogModuleManager: Shutting down and abandoning module AIModule (410)
[2018.10.03-05.03.45:109][ 87]LogModuleManager: Shutting down and abandoning module GameplayDebugger (409)
[2018.10.03-05.03.45:109][ 87]LogModuleManager: Shutting down and abandoning module AITestSuite (407)
[2018.10.03-05.03.45:109][ 87]LogModuleManager: Shutting down and abandoning module NavigationSystem (405)
[2018.10.03-05.03.45:109][ 87]LogModuleManager: Shutting down and abandoning module DesktopPlatform (402)
[2018.10.03-05.03.45:109][ 87]LogModuleManager: Shutting down and abandoning module ProfilerService (400)
[2018.10.03-05.03.45:317][ 87]LogModuleManager: Shutting down and abandoning module TaskGraph (398)
[2018.10.03-05.03.45:317][ 87]LogModuleManager: Shutting down and abandoning module SteamVRController (396)
[2018.10.03-05.03.45:318][ 87]LogModuleManager: Shutting down and abandoning module ProceduralMeshComponentEditor (394)
[2018.10.03-05.03.45:318][ 87]LogModuleManager: Shutting down and abandoning module ProceduralMeshComponent (392)
[2018.10.03-05.03.45:318][ 87]LogModuleManager: Shutting down and abandoning module OculusInput (390)
[2018.10.03-05.03.45:318][ 87]LogModuleManager: Shutting down and abandoning module MobilePatchingUtils (388)
[2018.10.03-05.03.45:318][ 87]LogModuleManager: Shutting down and abandoning module EditableMesh (386)
[2018.10.03-05.03.45:318][ 87]LogModuleManager: Shutting down and abandoning module CustomMeshComponent (384)
[2018.10.03-05.03.45:318][ 87]LogModuleManager: Shutting down and abandoning module CableComponent (382)
[2018.10.03-05.03.45:318][ 87]LogModuleManager: Shutting down and abandoning module AudioCapture (380)
[2018.10.03-05.03.45:318][ 87]LogModuleManager: Shutting down and abandoning module ArchVisCharacter (378)
[2018.10.03-05.03.45:318][ 87]LogModuleManager: Shutting down and abandoning module AndroidPermission (376)
[2018.10.03-05.03.45:318][ 87]LogModuleManager: Shutting down and abandoning module NUTUnrealEngine4 (374)
[2018.10.03-05.03.45:318][ 87]LogModuleManager: Shutting down and abandoning module NetcodeUnitTest (372)
[2018.10.03-05.03.45:318][ 87]LogModuleManager: Shutting down and abandoning module MediaCompositingEditor (370)
[2018.10.03-05.03.45:318][ 87]LogModuleManager: Shutting down and abandoning module MediaCompositing (368)
[2018.10.03-05.03.45:318][ 87]LogModuleManager: Shutting down and abandoning module LinearTimecode (366)
[2018.10.03-05.03.45:318][ 87]LogModuleManager: Shutting down and abandoning module ImgMedia (364)
[2018.10.03-05.03.45:322][ 87]LogModuleManager: Shutting down and abandoning module HTML5Networking (362)
[2018.10.03-05.03.45:322][ 87]LogModuleManager: Shutting down and abandoning module GeometryCacheTracks (360)
[2018.10.03-05.03.45:322][ 87]LogModuleManager: Shutting down and abandoning module GeometryCacheSequencer (358)
[2018.10.03-05.03.45:322][ 87]LogModuleManager: Shutting down and abandoning module BackChannel (356)
[2018.10.03-05.03.45:322][ 87]LogModuleManager: Shutting down and abandoning module AppleVision (354)
[2018.10.03-05.03.45:322][ 87]LogModuleManager: Shutting down and abandoning module AppleImageUtils (352)
[2018.10.03-05.03.45:322][ 87]LogModuleManager: Shutting down and abandoning module AlembicImporter (350)
[2018.10.03-05.03.45:322][ 87]LogModuleManager: Shutting down and abandoning module AlembicLibrary (349)
[2018.10.03-05.03.45:322][ 87]LogModuleManager: Shutting down and abandoning module GeometryCache (348)
[2018.10.03-05.03.45:322][ 87]LogModuleManager: Shutting down and abandoning module GeometryCacheEd (347)
[2018.10.03-05.03.45:322][ 87]LogModuleManager: Shutting down and abandoning module DatasmithContentEditor (342)
[2018.10.03-05.03.45:322][ 87]LogModuleManager: Shutting down and abandoning module DatasmithContent (340)
[2018.10.03-05.03.45:322][ 87]LogModuleManager: Shutting down and abandoning module SpeedTreeImporter (338)
[2018.10.03-05.03.45:322][ 87]LogModuleManager: Shutting down and abandoning module PluginBrowser (336)
[2018.10.03-05.03.45:322][ 87]LogModuleManager: Shutting down and abandoning module MobileLauncherProfileWizard (334)
[2018.10.03-05.03.45:322][ 87]LogModuleManager: Shutting down and abandoning module PolygonModeling (332)
[2018.10.03-05.03.45:322][ 87]LogModuleManager: Shutting down and abandoning module MeshEditor (330)
[2018.10.03-05.03.45:322][ 87]LogModuleManager: Shutting down and abandoning module CryptoKeysOpenSSL (328)
[2018.10.03-05.03.45:323][ 87]LogModuleManager: Shutting down and abandoning module CryptoKeys (326)
[2018.10.03-05.03.45:323][ 87]LogModuleManager: Shutting down and abandoning module VisualStudioSourceCodeAccess (324)
[2018.10.03-05.03.45:323][ 87]LogModuleManager: Shutting down and abandoning module VisualStudioCodeSourceCodeAccess (322)
[2018.10.03-05.03.45:323][ 87]LogModuleManager: Shutting down and abandoning module UObjectPlugin (320)
[2018.10.03-05.03.45:323][ 87]LogModuleManager: Shutting down and abandoning module SubversionSourceControl (318)
[2018.10.03-05.03.45:323][ 87]LogModuleManager: Shutting down and abandoning module PerforceSourceControl (316)
[2018.10.03-05.03.45:323][ 87]LogModuleManager: Shutting down and abandoning module GitSourceControl (314)
[2018.10.03-05.03.45:323][ 87]LogModuleManager: Shutting down and abandoning module SourceControl (313)
[2018.10.03-05.03.45:323][ 87]LogModuleManager: Shutting down and abandoning module CLionSourceCodeAccess (310)
[2018.10.03-05.03.45:323][ 87]LogModuleManager: Shutting down and abandoning module LightPropagationVolumeEditor (308)
[2018.10.03-05.03.45:323][ 87]LogModuleManager: Shutting down and abandoning module PaperTiledImporter (306)
[2018.10.03-05.03.45:323][ 87]LogModuleManager: Shutting down and abandoning module PaperSpriteSheetImporter (304)
[2018.10.03-05.03.45:323][ 87]LogModuleManager: Shutting down and abandoning module Paper2DEditor (302)
[2018.10.03-05.03.45:323][ 87]LogModuleManager: Shutting down and abandoning module MeshPaint (301)
[2018.10.03-05.03.45:323][ 87]LogModuleManager: Shutting down and abandoning module RuntimePhysXCooking (298)
[2018.10.03-05.03.45:323][ 87]LogModuleManager: Shutting down and abandoning module PhysXVehiclesEditor (296)
[2018.10.03-05.03.45:323][ 87]LogModuleManager: Shutting down and abandoning module PhysXVehicles (294)
[2018.10.03-05.03.45:323][ 87]LogModuleManager: Shutting down and abandoning module OculusEditor (292)
[2018.10.03-05.03.45:323][ 87]LogModuleManager: Shutting down and abandoning module LocationServicesBPLibrary (290)
[2018.10.03-05.03.45:323][ 87]LogModuleManager: Shutting down and abandoning module ImmediatePhysicsEditor (288)
[2018.10.03-05.03.45:323][ 87]LogModuleManager: Shutting down and abandoning module ImmediatePhysics (286)
[2018.10.03-05.03.45:323][ 87]LogModuleManager: Shutting down and abandoning module ActorSequence (284)
[2018.10.03-05.03.45:323][ 87]LogModuleManager: Shutting down and abandoning module UdpMessaging (282)
[2018.10.03-05.03.45:424][ 87]LogModuleManager: Shutting down and abandoning module TcpMessaging (280)
[2018.10.03-05.03.45:525][ 87]LogModuleManager: Shutting down and abandoning module MagicLeapAudio (278)
[2018.10.03-05.03.45:525][ 87]LogModuleManager: Shutting down and abandoning module GameplayTagsEditor (276)
[2018.10.03-05.03.45:525][ 87]LogModuleManager: Shutting down and abandoning module FacialAnimationEditor (274)
[2018.10.03-05.03.45:525][ 87]LogModuleManager: Shutting down and abandoning module FacialAnimation (272)
[2018.10.03-05.03.45:525][ 87]LogModuleManager: Shutting down and abandoning module DataValidation (270)
[2018.10.03-05.03.45:525][ 87]LogModuleManager: Shutting down and abandoning module AssetManagerEditor (268)
[2018.10.03-05.03.45:525][ 87]LogModuleManager: Shutting down and abandoning module LevelEditor (267)
[2018.10.03-05.03.45:527][ 87]LogModuleManager: Shutting down and abandoning module PixelInspectorModule (266)
[2018.10.03-05.03.45:527][ 87]LogModuleManager: Shutting down and abandoning module CommonMenuExtensions (264)
[2018.10.03-05.03.45:527][ 87]LogModuleManager: Shutting down and abandoning module MainFrame (262)
[2018.10.03-05.03.45:527][ 87]LogModuleManager: Shutting down and abandoning module HotReload (261)
[2018.10.03-05.03.45:528][ 87]LogModuleManager: Shutting down and abandoning module ContentBrowser (257)
[2018.10.03-05.03.45:530][ 87]LogModuleManager: Shutting down and abandoning module TreeMap (255)
[2018.10.03-05.03.45:530][ 87]LogModuleManager: Shutting down and abandoning module LightPropagationVolumeRuntime (252)
[2018.10.03-05.03.45:530][ 87]LogModuleManager: Shutting down and abandoning module AISupportModule (250)
[2018.10.03-05.03.45:530][ 87]LogModuleManager: Shutting down and abandoning module Paper2D (248)
[2018.10.03-05.03.45:530][ 87]LogModuleManager: Shutting down and abandoning module WindowsMoviePlayer (246)
[2018.10.03-05.03.45:530][ 87]LogModuleManager: Shutting down and abandoning module WmfMedia (244)
[2018.10.03-05.03.45:538][ 87]LogModuleManager: Shutting down and abandoning module Media (243)
[2018.10.03-05.03.45:545][ 87]LogModuleManager: Shutting down and abandoning module PacketHandler (240)
[2018.10.03-05.03.45:545][ 87]LogModuleManager: Shutting down and abandoning module ClothingSystemEditor (238)
[2018.10.03-05.03.45:545][ 87]LogModuleManager: Shutting down and abandoning module ClothingSystemRuntime (236)
[2018.10.03-05.03.45:545][ 87]LogModuleManager: Shutting down and abandoning module MediaAssets (234)
[2018.10.03-05.03.45:545][ 87]LogModuleManager: Shutting down and abandoning module Overlay (232)
[2018.10.03-05.03.45:545][ 87]LogModuleManager: Shutting down and abandoning module OverlayEditor (231)
[2018.10.03-05.03.45:545][ 87]LogModuleManager: Shutting down and abandoning module VREditor (228)
[2018.10.03-05.03.45:545][ 87]LogModuleManager: Shutting down and abandoning module StringTableEditor (226)
[2018.10.03-05.03.45:545][ 87]LogModuleManager: Shutting down and abandoning module GameplayTasksEditor (224)
[2018.10.03-05.03.45:545][ 87]LogModuleManager: Shutting down and abandoning module BehaviorTreeEditor (222)
[2018.10.03-05.03.45:546][ 87]LogModuleManager: Shutting down and abandoning module FunctionalTesting (220)
[2018.10.03-05.03.45:546][ 87]LogModuleManager: Shutting down and abandoning module CollisionAnalyzer (218)
[2018.10.03-05.03.45:546][ 87]LogModuleManager: Shutting down and abandoning module WorkspaceMenuStructure (217)
[2018.10.03-05.03.45:546][ 87]LogModuleManager: Shutting down and abandoning module UMG (214)
[2018.10.03-05.03.45:546][ 87]LogModuleManager: Shutting down and abandoning module UMGEditor (213)
[2018.10.03-05.03.45:546][ 87]LogModuleManager: Shutting down and abandoning module Sequencer (212)
[2018.10.03-05.03.45:546][ 87]LogModuleManager: Shutting down and abandoning module MessageLog (209)
[2018.10.03-05.03.45:546][ 87]LogModuleManager: Shutting down and abandoning module SlateReflector (204)
[2018.10.03-05.03.45:546][ 87]LogModuleManager: Shutting down and abandoning module Slate (202)
[2018.10.03-05.03.45:546][ 87]LogModuleManager: Shutting down and abandoning module EditorStyle (200)
[2018.10.03-05.03.45:548][ 87]LogModuleManager: Shutting down and abandoning module MRMesh (198)
[2018.10.03-05.03.45:549][ 87]LogModuleManager: Shutting down and abandoning module SourceCodeAccess (196)
[2018.10.03-05.03.45:549][ 87]LogModuleManager: Shutting down and abandoning module HeadMountedDisplay (194)
[2018.10.03-05.03.45:549][ 87]LogModuleManager: Shutting down and abandoning module XAudio2 (192)
[2018.10.03-05.03.45:549][ 87]LogModuleManager: Shutting down and abandoning module Networking (190)
[2018.10.03-05.03.45:549][ 87]LogModuleManager: Shutting down and abandoning module Core (188)
[2018.10.03-05.03.45:549][ 87]LogModuleManager: Shutting down and abandoning module LevelSequence (186)
[2018.10.03-05.03.45:549][ 87]LogModuleManager: Shutting down and abandoning module KismetCompiler (184)
[2018.10.03-05.03.45:549][ 87]LogModuleManager: Shutting down and abandoning module MeshUtilities (182)
[2018.10.03-05.03.45:549][ 87]LogModuleManager: Shutting down and abandoning module MeshMergeUtilities (181)
[2018.10.03-05.03.45:549][ 87]LogModuleManager: Shutting down and abandoning module MeshReductionInterface (180)
[2018.10.03-05.03.45:549][ 87]LogModuleManager: Shutting down and abandoning module SimplygonSwarm (179)
[2018.10.03-05.03.45:549][ 87]LogModuleManager: Shutting down and abandoning module ProxyLODMeshReduction (177)
[2018.10.03-05.03.45:549][ 87]LogModuleManager: Shutting down and abandoning module SimplygonMeshReduction (175)
[2018.10.03-05.03.45:549][ 87]LogModuleManager: Shutting down and abandoning module QuadricMeshReduction (173)
[2018.10.03-05.03.45:549][ 87]LogModuleManager: Shutting down and abandoning module MaterialBaking (169)
[2018.10.03-05.03.45:549][ 87]LogModuleManager: Shutting down and abandoning module DirectoryWatcher (165)
[2018.10.03-05.03.45:549][ 87]LogModuleManager: Shutting down and abandoning module DerivedDataCache (162)
[2018.10.03-05.03.45:600][ 87]LogDerivedDataCache: Shutdown
[2018.10.03-05.03.45:600][ 87]LogModuleManager: Shutting down and abandoning module XGEController (160)
[2018.10.03-05.03.45:600][ 87]LogXGEController: Cleaning working directory: C:/Users/Djano/AppData/Local/Temp/UnrealXGEWorkingDir/
[2018.10.03-05.03.45:601][ 87]LogModuleManager: Shutting down and abandoning module TargetPlatform (158)
[2018.10.03-05.03.45:601][ 87]LogModuleManager: Shutting down and abandoning module VulkanShaderFormat (157)
[2018.10.03-05.03.45:601][ 87]LogModuleManager: Shutting down and abandoning module ShaderFormatVectorVM (155)
[2018.10.03-05.03.45:601][ 87]LogModuleManager: Shutting down and abandoning module ShaderFormatOpenGL (153)
[2018.10.03-05.03.45:601][ 87]LogModuleManager: Shutting down and abandoning module ShaderFormatD3D (151)
[2018.10.03-05.03.45:601][ 87]LogModuleManager: Shutting down and abandoning module MetalShaderFormat (149)
[2018.10.03-05.03.45:601][ 87]LogModuleManager: Shutting down and abandoning module TextureFormatUncompressed (147)
[2018.10.03-05.03.45:601][ 87]LogModuleManager: Shutting down and abandoning module TextureFormatPVR (145)
[2018.10.03-05.03.45:601][ 87]LogModuleManager: Shutting down and abandoning module TextureFormatDXT (143)
[2018.10.03-05.03.45:601][ 87]LogModuleManager: Shutting down and abandoning module TextureFormatIntelISPCTexComp (141)
[2018.10.03-05.03.45:601][ 87]LogModuleManager: Shutting down and abandoning module TextureFormatASTC (139)
[2018.10.03-05.03.45:601][ 87]LogModuleManager: Shutting down and abandoning module ImageWrapper (138)
[2018.10.03-05.03.45:601][ 87]LogModuleManager: Shutting down and abandoning module TextureFormatAndroid (135)
[2018.10.03-05.03.45:601][ 87]LogModuleManager: Shutting down and abandoning module AudioFormatOpus (133)
[2018.10.03-05.03.45:601][ 87]LogModuleManager: Shutting down and abandoning module AudioFormatOgg (131)
[2018.10.03-05.03.45:601][ 87]LogModuleManager: Shutting down and abandoning module AudioFormatADPCM (129)
[2018.10.03-05.03.45:601][ 87]LogModuleManager: Shutting down and abandoning module LuminTargetPlatform (127)
[2018.10.03-05.03.45:601][ 87]LogModuleManager: Shutting down and abandoning module LinuxTargetPlatform (125)
[2018.10.03-05.03.45:601][ 87]LogModuleManager: Shutting down and abandoning module LinuxServerTargetPlatform (123)
[2018.10.03-05.03.45:601][ 87]LogModuleManager: Shutting down and abandoning module LinuxNoEditorTargetPlatform (121)
[2018.10.03-05.03.45:601][ 87]LogModuleManager: Shutting down and abandoning module LinuxClientTargetPlatform (119)
[2018.10.03-05.03.45:601][ 87]LogModuleManager: Shutting down and abandoning module TVOSTargetPlatform (117)
[2018.10.03-05.03.45:602][ 87]LogModuleManager: Shutting down and abandoning module Messaging (115)
[2018.10.03-05.03.45:602][ 87]LogModuleManager: Shutting down and abandoning module IOSTargetPlatform (113)
[2018.10.03-05.03.45:603][ 87]LogModuleManager: Shutting down and abandoning module HTML5TargetPlatform (111)
[2018.10.03-05.03.45:603][ 87]LogModuleManager: Shutting down and abandoning module AndroidTargetPlatform (109)
[2018.10.03-05.03.45:611][ 87]LogModuleManager: Shutting down and abandoning module WindowsTargetPlatform (107)
[2018.10.03-05.03.45:611][ 87]LogModuleManager: Shutting down and abandoning module WindowsServerTargetPlatform (105)
[2018.10.03-05.03.45:611][ 87]LogModuleManager: Shutting down and abandoning module WindowsNoEditorTargetPlatform (103)
[2018.10.03-05.03.45:611][ 87]LogModuleManager: Shutting down and abandoning module WindowsClientTargetPlatform (101)
[2018.10.03-05.03.45:611][ 87]LogModuleManager: Shutting down and abandoning module MacTargetPlatform (99)
[2018.10.03-05.03.45:611][ 87]LogModuleManager: Shutting down and abandoning module MacServerTargetPlatform (97)
[2018.10.03-05.03.45:611][ 87]LogModuleManager: Shutting down and abandoning module MacNoEditorTargetPlatform (95)
[2018.10.03-05.03.45:611][ 87]LogModuleManager: Shutting down and abandoning module MacClientTargetPlatform (93)
[2018.10.03-05.03.45:611][ 87]LogModuleManager: Shutting down and abandoning module AllDesktopTargetPlatform (91)
[2018.10.03-05.03.45:611][ 87]LogModuleManager: Shutting down and abandoning module InputCore (88)
[2018.10.03-05.03.45:611][ 87]LogModuleManager: Shutting down and abandoning module Settings (86)
[2018.10.03-05.03.45:611][ 87]LogModuleManager: Shutting down and abandoning module PhysXCooking (84)
[2018.10.03-05.03.45:611][ 87]LogModuleManager: Shutting down and abandoning module SteamVR (82)
[2018.10.03-05.03.45:611][ 87]LogModuleManager: Shutting down and abandoning module OculusHMD (80)
[2018.10.03-05.03.45:611][ 87]LogModuleManager: Shutting down and abandoning module ExampleDeviceProfileSelector (78)
[2018.10.03-05.03.45:611][ 87]LogModuleManager: Shutting down and abandoning module LauncherChunkInstaller (76)
[2018.10.03-05.03.45:611][ 87]LogModuleManager: Shutting down and abandoning module OnlineBlueprintSupport (74)
[2018.10.03-05.03.45:611][ 87]LogModuleManager: Shutting down and abandoning module OnlineSubsystem (70)
[2018.10.03-05.03.45:612][ 87]LogModuleManager: Shutting down and abandoning module XMPP (65)
[2018.10.03-05.03.45:613][ 87]LogModuleManager: Shutting down and abandoning module WebSockets (64)
[2018.10.03-05.03.45:616][ 87]LogModuleManager: Shutting down and abandoning module HTTP (61)
[2018.10.03-05.03.45:616][ 87]LogHttp: Display: Http module shutting down, but needs to wait on 1 outstanding Http requests:
[2018.10.03-05.03.45:616][ 87]LogHttp: Display: 	verb=[POST] url=[https://datarouter.ol.epicgames.com/datarouter/api/v1/public/data?SessionID=%7BA21B9820-4D67-A534-902C-D98251DE0005%7D&AppID=UEEditor.Rocket.Release&AppVersion=4.20.3-4369336%2B%2B%2BUE4%2BRelease-4.20&UserID=c95bfd7c43fd015875aec09d4abc4b0c%7C778d86e7d3954571b72043837bb1b12d%7Ca40add05-0635-4776-a1d0-a9f87cfaef3a&AppEnvironment=datacollector-binary&UploadType=eteventstream] status=Processing
[2018.10.03-05.03.45:637][ 87]LogModuleManager: Shutting down and abandoning module SSL (60)
[2018.10.03-05.03.45:638][ 87]LogModuleManager: Shutting down and abandoning module MagicLeapEmulator (56)
[2018.10.03-05.03.45:638][ 87]LogModuleManager: Shutting down and abandoning module MagicLeapPrivileges (54)
[2018.10.03-05.03.45:638][ 87]LogModuleManager: Shutting down and abandoning module MagicLeapIdentity (52)
[2018.10.03-05.03.45:638][ 87]LogModuleManager: Shutting down and abandoning module MagicLeapHelperVulkan (50)
[2018.10.03-05.03.45:638][ 87]LogModuleManager: Shutting down and abandoning module MagicLeapHelperOpenGL (48)
[2018.10.03-05.03.45:638][ 87]LogModuleManager: Shutting down and abandoning module MagicLeapSecureStorage (46)
[2018.10.03-05.03.45:639][ 87]LogModuleManager: Shutting down and abandoning module MagicLeapGestures (44)
[2018.10.03-05.03.45:639][ 87]LogModuleManager: Shutting down and abandoning module MagicLeapEyeTracker (42)
[2018.10.03-05.03.45:639][ 87]LogModuleManager: Shutting down and abandoning module MagicLeapController (40)
[2018.10.03-05.03.45:639][ 87]LogSlate: Slate User Destroyed.  User Index 0, Is Virtual User: 0
[2018.10.03-05.03.45:639][ 87]LogModuleManager: Shutting down and abandoning module MagicLeap (38)
[2018.10.03-05.03.45:639][ 87]LogModuleManager: Shutting down and abandoning module AnimationModifiers (36)
[2018.10.03-05.03.45:639][ 87]LogModuleManager: Shutting down and abandoning module PropertyEditor (35)
[2018.10.03-05.03.45:639][ 87]LogModuleManager: Shutting down and abandoning module AudioEditor (32)
[2018.10.03-05.03.45:639][ 87]LogModuleManager: Shutting down and abandoning module TextureCompressor (30)
[2018.10.03-05.03.45:639][ 87]LogModuleManager: Shutting down and abandoning module ShaderCore (28)
[2018.10.03-05.03.45:639][ 87]LogModuleManager: Shutting down and abandoning module Landscape (26)
[2018.10.03-05.03.45:639][ 87]LogModuleManager: Shutting down and abandoning module SlateRHIRenderer (24)
[2018.10.03-05.03.45:640][ 87]LogModuleManager: Shutting down and abandoning module OpenGLDrv (22)
[2018.10.03-05.03.45:640][ 87]LogModuleManager: Shutting down and abandoning module D3D11RHI (20)
[2018.10.03-05.03.45:640][ 87]LogModuleManager: Shutting down and abandoning module AnimGraphRuntime (18)
[2018.10.03-05.03.45:640][ 87]LogModuleManager: Shutting down and abandoning module Renderer (16)
[2018.10.03-05.03.45:640][ 87]LogModuleManager: Shutting down and abandoning module Engine (14)
[2018.10.03-05.03.45:640][ 87]LogModuleManager: Shutting down and abandoning module CoreUObject (12)
[2018.10.03-05.03.45:640][ 87]LogModuleManager: Shutting down and abandoning module NetworkFile (10)
[2018.10.03-05.03.45:640][ 87]LogModuleManager: Shutting down and abandoning module CookedIterativeFile (8)
[2018.10.03-05.03.45:640][ 87]LogModuleManager: Shutting down and abandoning module StreamingFile (6)
[2018.10.03-05.03.45:640][ 87]LogModuleManager: Shutting down and abandoning module SandboxFile (4)
[2018.10.03-05.03.45:640][ 87]LogModuleManager: Shutting down and abandoning module PakFile (2)
[2018.10.03-05.03.45:645][ 87]LogExit: Exiting.
[2018.10.03-05.03.45:661][ 87]Log file closed, 10/03/18 01:03:45
